#
# A fatal error has been detected by the Java Runtime Environment:
#
#  EXCEPTION_ACCESS_VIOLATION (0xc0000005) at pc=0x00007ff8e33d6a87, pid=14636, tid=14944
#
# JRE version: OpenJDK Runtime Environment Corretto-11.0.12.7.1 (11.0.12+7) (build 11.0.12+7-LTS)
# Java VM: OpenJDK 64-Bit Server VM Corretto-11.0.12.7.1 (11.0.12+7-LTS, mixed mode, tiered, compressed oops, g1 gc, windows-amd64)
# Problematic frame:
# C  [glass.dll+0x26a87]
#
# No core dump will be written. Minidumps are not enabled by default on client versions of Windows
#
# If you would like to submit a bug report, please visit:
#   https://github.com/corretto/corretto-11/issues/
#

---------------  S U M M A R Y ------------

Command Line: -javaagent:C:\Program Files\JetBrains\IntelliJ IDEA Community Edition 2021.2.2\lib\idea_rt.jar=59459:C:\Program Files\JetBrains\IntelliJ IDEA Community Edition 2021.2.2\bin -Dfile.encoding=UTF-8 Main

Host: Intel(R) Core(TM) i5-10300H CPU @ 2.50GHz, 8 cores, 15G,  Windows 10 , 64 bit Build 19041 (10.0.19041.1348)
Time: Wed Dec  8 09:09:41 2021 Romance Standard Time elapsed time: 58.327283 seconds (0d 0h 0m 58s)

---------------  T H R E A D  ---------------

Current thread (0x000001aca945c800):  VMThread "VM Thread" [stack: 0x0000004181600000,0x0000004181700000] [id=14944]

Stack: [0x0000004181600000,0x0000004181700000],  sp=0x00000041816feef0,  free space=1019k
Native frames: (J=compiled Java code, j=interpreted, Vv=VM code, C=native code)
C  [glass.dll+0x26a87]


siginfo: EXCEPTION_ACCESS_VIOLATION (0xc0000005), reading address 0x0000000000000000


Register to memory mapping:

RIP=0x00007ff8e33d6a87 glass.dll
RAX=0x0 is NULL
RBX=0x000001aca9d2ba20 is a global jni handle
RCX=0x000001aca945c800 points into unknown readable memory: 0x00007ff8a1f163b8 | b8 63 f1 a1 f8 7f 00 00
RDX=0x00000041816feef0 points into unknown readable memory: 0x0000000000000000 | 00 00 00 00 00 00 00 00
RSP=0x00000041816feef0 points into unknown readable memory: 0x0000000000000000 | 00 00 00 00 00 00 00 00
RBP=0x000001acaa7be5f8 points into unknown readable memory: 0x000008f465f204cd | cd 04 f2 65 f4 08 00 00
RSI=0x000001acaa7be5d0 points into unknown readable memory: 0x0fff1493c23f84cd | cd 84 3f c2 93 14 ff 0f
RDI=0x000008f465f204cd is an unknown value
R8 =0x0000000000010002 is an unknown value
R9 =0x000008f465f204cd is an unknown value
R10=0x0000000000008000 is an unknown value
R11=0x00000041816fee80 points into unknown readable memory: 0x000001acaa7be5d0 | d0 e5 7b aa ac 01 00 00
R12=0x00007ff8e33d4354 glass.dll
R13=0x00000041820feff0 is pointing into the stack for thread: 0x000001aca9d78000
R14=0x00000041816fefe8 points into unknown readable memory: 0x00000041816fefd0 | d0 ef 6f 81 41 00 00 00
R15=0x000001acaa7be5d0 points into unknown readable memory: 0x0fff1493c23f84cd | cd 84 3f c2 93 14 ff 0f


Registers:
RAX=0x0000000000000000, RBX=0x000001aca9d2ba20, RCX=0x000001aca945c800, RDX=0x00000041816feef0
RSP=0x00000041816feef0, RBP=0x000001acaa7be5f8, RSI=0x000001acaa7be5d0, RDI=0x000008f465f204cd
R8 =0x0000000000010002, R9 =0x000008f465f204cd, R10=0x0000000000008000, R11=0x00000041816fee80
R12=0x00007ff8e33d4354, R13=0x00000041820feff0, R14=0x00000041816fefe8, R15=0x000001acaa7be5d0
RIP=0x00007ff8e33d6a87, EFLAGS=0x0000000000010206

Top of Stack: (sp=0x00000041816feef0)
0x00000041816feef0:   0000000000000000 000001acaa7be5d0
0x00000041816fef00:   00000041820feff0 00007ff8e33d4354
0x00000041816fef10:   000001acaa7be5d8 00007ff90a6b42d6
0x00000041816fef20:   000008f465f204cd 000001ac00000000
0x00000041816fef30:   000001acaa7be5f8 000001acaa7be5d0
0x00000041816fef40:   fffffffffffffffe 0000000000000000
0x00000041816fef50:   0000000000000001 00007ff8e33b0000
0x00000041816fef60:   00000041816fefd8 00007ff90a6b41fb
0x00000041816fef70:   0000000000000000 00000041816fefe8
0x00000041816fef80:   00000041816ff2b0 00007ff90a790e40
0x00000041816fef90:   0000000000000001 00007ff90a6b41b4
0x00000041816fefa0:   0000000000000000 0000000000000001
0x00000041816fefb0:   00007ff800000001 00000041816fefd8
0x00000041816fefc0:   0000000000000000 00007ff8e33d41e1
0x00000041816fefd0:   00007ff8e33ea138 00007ff800000002
0x00000041816fefe0:   0000000000000002 00000041816fefd0 

Instructions: (pc=0x00007ff8e33d6a87)
0x00007ff8e33d6987:   8b 4d 58 e8 01 cf ff ff 48 8b 4d 60 e8 f8 ce ff
0x00007ff8e33d6997:   ff 48 8b 95 80 00 00 00 48 8b 8d 18 01 00 00 e8
0x00007ff8e33d69a7:   c6 c3 ff ff 33 d2 33 c9 e8 3c e1 ff ff 90 48 89
0x00007ff8e33d69b7:   54 24 10 55 48 83 ec 20 48 8b ea 48 b8 00 00 00
0x00007ff8e33d69c7:   00 00 00 00 00 48 83 c4 20 5d c3 cc 40 55 48 8b
0x00007ff8e33d69d7:   ea 48 8b 01 33 c9 81 38 05 00 00 c0 0f 94 c1 8b
0x00007ff8e33d69e7:   c1 5d c3 cc 40 55 48 83 ec 20 48 8b ea 8a 4d 40
0x00007ff8e33d69f7:   48 83 c4 20 5d e9 f7 d2 ff ff cc 40 55 48 83 ec
0x00007ff8e33d6a07:   20 48 8b ea 8a 4d 20 e8 e5 d2 ff ff 90 48 83 c4
0x00007ff8e33d6a17:   20 5d c3 cc 40 55 48 83 ec 20 48 8b ea 48 83 c4
0x00007ff8e33d6a27:   20 5d e9 46 d1 ff ff cc 40 55 48 83 ec 30 48 8b
0x00007ff8e33d6a37:   ea 48 8b 01 8b 10 48 89 4c 24 28 89 54 24 20 4c
0x00007ff8e33d6a47:   8d 0d e7 d5 ff ff 4c 8b 45 70 8b 55 68 48 8b 4d
0x00007ff8e33d6a57:   60 e8 87 d0 ff ff 90 48 83 c4 30 5d c3 cc cc cc
0x00007ff8e33d6a67:   cc cc cc cc cc cc cc cc cc 40 53 48 83 ec 20 48
0x00007ff8e33d6a77:   8b 1d b3 30 01 00 48 85 db 74 16 e8 09 8b ff ff
0x00007ff8e33d6a87:   4c 8b 00 48 8b d3 48 8b c8 41 ff 90 b0 00 00 00
0x00007ff8e33d6a97:   90 48 83 c4 20 5b c3 cc cc 40 53 48 83 ec 20 48
0x00007ff8e33d6aa7:   8b 1d 2b 32 01 00 48 85 db 74 57 b8 ff ff ff ff
0x00007ff8e33d6ab7:   f0 0f c1 43 10 83 f8 01 75 3d 48 85 db 74 38 48
0x00007ff8e33d6ac7:   8b 0b 48 85 c9 74 0d ff 15 d4 07 00 00 48 c7 03
0x00007ff8e33d6ad7:   00 00 00 00 48 8b 4b 08 48 85 c9 74 0d e8 a7 cd
0x00007ff8e33d6ae7:   ff ff 48 c7 43 08 00 00 00 00 ba 18 00 00 00 48
0x00007ff8e33d6af7:   8b cb e8 92 cd ff ff 48 c7 05 cf 31 01 00 00 00
0x00007ff8e33d6b07:   00 00 48 83 c4 20 5b c3 cc 40 53 48 83 ec 20 48
0x00007ff8e33d6b17:   8b 1d 9b 31 01 00 48 85 db 74 57 b8 ff ff ff ff
0x00007ff8e33d6b27:   f0 0f c1 43 10 83 f8 01 75 3d 48 85 db 74 38 48
0x00007ff8e33d6b37:   8b 0b 48 85 c9 74 0d ff 15 64 07 00 00 48 c7 03
0x00007ff8e33d6b47:   00 00 00 00 48 8b 4b 08 48 85 c9 74 0d e8 37 cd
0x00007ff8e33d6b57:   ff ff 48 c7 43 08 00 00 00 00 ba 18 00 00 00 48
0x00007ff8e33d6b67:   8b cb e8 22 cd ff ff 48 c7 05 3f 31 01 00 00 00
0x00007ff8e33d6b77:   00 00 48 83 c4 20 5b c3 cc 40 53 48 83 ec 20 48 


Stack slot to memory mapping:
stack at sp + 0 slots: 0x0 is NULL
stack at sp + 1 slots: 0x000001acaa7be5d0 points into unknown readable memory: 0x0fff1493c23f84cd | cd 84 3f c2 93 14 ff 0f
stack at sp + 2 slots: 0x00000041820feff0 is pointing into the stack for thread: 0x000001aca9d78000
stack at sp + 3 slots: 0x00007ff8e33d4354 glass.dll
stack at sp + 4 slots: 0x000001acaa7be5d8 points into unknown readable memory: 0x000008f465f204cd | cd 04 f2 65 f4 08 00 00
stack at sp + 5 slots: 0x00007ff90a6b42d6 ucrtbase.dll
stack at sp + 6 slots: 0x000008f465f204cd is an unknown value
stack at sp + 7 slots: 0x000001ac00000000 is an unknown value

VM_Operation (0x00000041820feff0): Exit, mode: safepoint, requested by thread 0x000001aca9d78000


---------------  P R O C E S S  ---------------

Threads class SMR info:
_java_thread_list=0x000001acab3f97d0, length=19, elements={
0x000001ac85850000, 0x000001aca9461000, 0x000001aca9d1b800, 0x000001aca9486800,
0x000001aca9487800, 0x000001aca948a000, 0x000001aca9d73800, 0x000001aca9d7b800,
0x000001aca9d81800, 0x000001aca941d000, 0x000001acaa073000, 0x000001acaa206000,
0x000001acaa474800, 0x000001acaa752000, 0x000001acaa7b9000, 0x000001acaa49c800,
0x000001acab752800, 0x000001acab669800, 0x000001aca9d78000
}

Java Threads: ( => current thread )
  0x000001ac85850000 JavaThread "main" [_thread_blocked, id=5140, stack(0x0000004181000000,0x0000004181100000)]
  0x000001aca9461000 JavaThread "Reference Handler" daemon [_thread_blocked, id=17464, stack(0x0000004181700000,0x0000004181800000)]
  0x000001aca9d1b800 JavaThread "Finalizer" daemon [_thread_blocked, id=19452, stack(0x0000004181800000,0x0000004181900000)]
  0x000001aca9486800 JavaThread "Signal Dispatcher" daemon [_thread_blocked, id=9048, stack(0x0000004181900000,0x0000004181a00000)]
  0x000001aca9487800 JavaThread "Attach Listener" daemon [_thread_blocked, id=17180, stack(0x0000004181a00000,0x0000004181b00000)]
  0x000001aca948a000 JavaThread "Service Thread" daemon [_thread_blocked, id=15484, stack(0x0000004181b00000,0x0000004181c00000)]
  0x000001aca9d73800 JavaThread "C2 CompilerThread0" daemon [_thread_blocked, id=6100, stack(0x0000004181c00000,0x0000004181d00000)]
  0x000001aca9d7b800 JavaThread "C1 CompilerThread0" daemon [_thread_blocked, id=5900, stack(0x0000004181d00000,0x0000004181e00000)]
  0x000001aca9d81800 JavaThread "Sweeper thread" daemon [_thread_blocked, id=17032, stack(0x0000004181e00000,0x0000004181f00000)]
  0x000001aca941d000 JavaThread "Common-Cleaner" daemon [_thread_blocked, id=17268, stack(0x0000004181f00000,0x0000004182000000)]
  0x000001acaa073000 JavaThread "Monitor Ctrl-Break" daemon [_thread_in_native, id=22096, stack(0x0000004182100000,0x0000004182200000)]
  0x000001acaa206000 JavaThread "JavaFX-Launcher" [_thread_blocked, id=14536, stack(0x0000004182300000,0x0000004182400000)]
  0x000001acaa474800 JavaThread "QuantumRenderer-0" daemon [_thread_blocked, id=7788, stack(0x0000004182400000,0x0000004182500000)]
  0x000001acaa752000 JavaThread "InvokeLaterDispatcher" daemon [_thread_blocked, id=9552, stack(0x0000004182500000,0x0000004182600000)]
  0x000001acaa7b9000 JavaThread "JavaFX Application Thread" [_thread_in_native, id=19240, stack(0x0000004182600000,0x0000004182700000)]
  0x000001acaa49c800 JavaThread "Thread-2" daemon [_thread_in_native, id=1468, stack(0x0000004182a00000,0x0000004182b00000)]
  0x000001acab752800 JavaThread "Prism Font Disposer" daemon [_thread_blocked, id=1228, stack(0x0000004183300000,0x0000004183400000)]
  0x000001acab669800 JavaThread "Cleaner-0" daemon [_thread_blocked, id=15868, stack(0x0000004183500000,0x0000004183600000)]
  0x000001aca9d78000 JavaThread "SIGINT handler" daemon [_thread_blocked, id=13988, stack(0x0000004182000000,0x0000004182100000)]

Other Threads:
=>0x000001aca945c800 VMThread "VM Thread" [stack: 0x0000004181600000,0x0000004181700000] [id=14944]
  0x000001ac85868000 GCTaskThread "GC Thread#0" [stack: 0x0000004181100000,0x0000004181200000] [id=11828]
  0x000001acaa63c800 GCTaskThread "GC Thread#1" [stack: 0x0000004182b00000,0x0000004182c00000] [id=15460]
  0x000001acaa6de800 GCTaskThread "GC Thread#2" [stack: 0x0000004182c00000,0x0000004182d00000] [id=6608]
  0x000001acaafa8800 GCTaskThread "GC Thread#3" [stack: 0x0000004182d00000,0x0000004182e00000] [id=17612]
  0x000001acaa883000 GCTaskThread "GC Thread#4" [stack: 0x0000004182e00000,0x0000004182f00000] [id=16604]
  0x000001acaa7a4800 GCTaskThread "GC Thread#5" [stack: 0x0000004182f00000,0x0000004183000000] [id=19232]
  0x000001ac858c5800 ConcurrentGCThread "G1 Main Marker" [stack: 0x0000004181200000,0x0000004181300000] [id=13348]
  0x000001ac858c7000 ConcurrentGCThread "G1 Conc#0" [stack: 0x0000004181300000,0x0000004181400000] [id=22120]
  0x000001acab599000 ConcurrentGCThread "G1 Conc#1" [stack: 0x0000004183400000,0x0000004183500000] [id=4156]
  0x000001aca9349000 ConcurrentGCThread "G1 Refine#0" [stack: 0x0000004181400000,0x0000004181500000] [id=11644]
  0x000001ac8592d800 ConcurrentGCThread "G1 Young RemSet Sampling" [stack: 0x0000004181500000,0x0000004181600000] [id=18572]

Threads with active compile tasks:

VM state:at safepoint (shutting down)

VM Mutex/Monitor currently owned by a thread:  ([mutex/lock_event])
[0x000001ac8584c6b0] Threads_lock - owner thread: 0x000001aca945c800

Heap address: 0x0000000703000000, size: 4048 MB, Compressed Oops mode: Zero based, Oop shift amount: 3
Narrow klass base: 0x0000000800000000, Narrow klass shift: 0
Compressed class space size: 1073741824 Address: 0x0000000800000000

Heap:
 garbage-first heap   total 260096K, used 20718K [0x0000000703000000, 0x0000000800000000)
  region size 1024K, 12 young (12288K), 4 survivors (4096K)
 Metaspace       used 27770K, capacity 28860K, committed 29184K, reserved 1075200K
  class space    used 3545K, capacity 4004K, committed 4096K, reserved 1048576K
Heap Regions: E=young(eden), S=young(survivor), O=old, HS=humongous(starts), HC=humongous(continues), CS=collection set, F=free, A=archive, TAMS=top-at-mark-start (previous, next)
|   0|0x0000000703000000, 0x0000000703100000, 0x0000000703100000|100%| O|  |TAMS 0x0000000703100000, 0x0000000703000000| Untracked 
|   1|0x0000000703100000, 0x0000000703200000, 0x0000000703200000|100%| O|  |TAMS 0x0000000703128800, 0x0000000703100000| Untracked 
|   2|0x0000000703200000, 0x0000000703200000, 0x0000000703300000|  0%| F|  |TAMS 0x0000000703200000, 0x0000000703200000| Untracked 
|   3|0x0000000703300000, 0x0000000703300000, 0x0000000703400000|  0%| F|  |TAMS 0x0000000703300000, 0x0000000703300000| Untracked 
|   4|0x0000000703400000, 0x0000000703500000, 0x0000000703500000|100%|HS|  |TAMS 0x0000000703400000, 0x0000000703400000| Complete 
|   5|0x0000000703500000, 0x0000000703600000, 0x0000000703600000|100%|HS|  |TAMS 0x0000000703500000, 0x0000000703500000| Complete 
|   6|0x0000000703600000, 0x0000000703700000, 0x0000000703700000|100%|HC|  |TAMS 0x0000000703600000, 0x0000000703600000| Complete 
|   7|0x0000000703700000, 0x0000000703800000, 0x0000000703800000|100%| O|  |TAMS 0x0000000703700000, 0x0000000703700000| Untracked 
|   8|0x0000000703800000, 0x0000000703900000, 0x0000000703900000|100%| O|  |TAMS 0x0000000703800000, 0x0000000703800000| Untracked 
|   9|0x0000000703900000, 0x0000000703a00000, 0x0000000703a00000|100%| O|  |TAMS 0x0000000703900000, 0x0000000703900000| Untracked 
|  10|0x0000000703a00000, 0x0000000703b00000, 0x0000000703b00000|100%| O|  |TAMS 0x0000000703a00000, 0x0000000703a00000| Untracked 
|  11|0x0000000703b00000, 0x0000000703b3ba00, 0x0000000703c00000| 23%| O|  |TAMS 0x0000000703b00000, 0x0000000703b00000| Untracked 
|  12|0x0000000703c00000, 0x0000000703c00000, 0x0000000703d00000|  0%| F|  |TAMS 0x0000000703c00000, 0x0000000703c00000| Untracked 
|  13|0x0000000703d00000, 0x0000000703d00000, 0x0000000703e00000|  0%| F|  |TAMS 0x0000000703d00000, 0x0000000703d00000| Untracked 
|  14|0x0000000703e00000, 0x0000000703e00000, 0x0000000703f00000|  0%| F|  |TAMS 0x0000000703e00000, 0x0000000703e00000| Untracked 
|  15|0x0000000703f00000, 0x0000000703f00000, 0x0000000704000000|  0%| F|  |TAMS 0x0000000703f00000, 0x0000000703f00000| Untracked 
|  16|0x0000000704000000, 0x0000000704000000, 0x0000000704100000|  0%| F|  |TAMS 0x0000000704000000, 0x0000000704000000| Untracked 
|  17|0x0000000704100000, 0x0000000704100000, 0x0000000704200000|  0%| F|  |TAMS 0x0000000704100000, 0x0000000704100000| Untracked 
|  18|0x0000000704200000, 0x0000000704200000, 0x0000000704300000|  0%| F|  |TAMS 0x0000000704200000, 0x0000000704200000| Untracked 
|  19|0x0000000704300000, 0x0000000704300000, 0x0000000704400000|  0%| F|  |TAMS 0x0000000704300000, 0x0000000704300000| Untracked 
|  20|0x0000000704400000, 0x0000000704400000, 0x0000000704500000|  0%| F|  |TAMS 0x0000000704400000, 0x0000000704400000| Untracked 
|  21|0x0000000704500000, 0x0000000704500000, 0x0000000704600000|  0%| F|  |TAMS 0x0000000704500000, 0x0000000704500000| Untracked 
|  22|0x0000000704600000, 0x0000000704600000, 0x0000000704700000|  0%| F|  |TAMS 0x0000000704600000, 0x0000000704600000| Untracked 
|  23|0x0000000704700000, 0x0000000704700000, 0x0000000704800000|  0%| F|  |TAMS 0x0000000704700000, 0x0000000704700000| Untracked 
|  24|0x0000000704800000, 0x0000000704800000, 0x0000000704900000|  0%| F|  |TAMS 0x0000000704800000, 0x0000000704800000| Untracked 
|  25|0x0000000704900000, 0x0000000704900000, 0x0000000704a00000|  0%| F|  |TAMS 0x0000000704900000, 0x0000000704900000| Untracked 
|  26|0x0000000704a00000, 0x0000000704a00000, 0x0000000704b00000|  0%| F|  |TAMS 0x0000000704a00000, 0x0000000704a00000| Untracked 
|  27|0x0000000704b00000, 0x0000000704b00000, 0x0000000704c00000|  0%| F|  |TAMS 0x0000000704b00000, 0x0000000704b00000| Untracked 
|  28|0x0000000704c00000, 0x0000000704c00000, 0x0000000704d00000|  0%| F|  |TAMS 0x0000000704c00000, 0x0000000704c00000| Untracked 
|  29|0x0000000704d00000, 0x0000000704d00000, 0x0000000704e00000|  0%| F|  |TAMS 0x0000000704d00000, 0x0000000704d00000| Untracked 
|  30|0x0000000704e00000, 0x0000000704e00000, 0x0000000704f00000|  0%| F|  |TAMS 0x0000000704e00000, 0x0000000704e00000| Untracked 
|  31|0x0000000704f00000, 0x0000000704f00000, 0x0000000705000000|  0%| F|  |TAMS 0x0000000704f00000, 0x0000000704f00000| Untracked 
|  32|0x0000000705000000, 0x0000000705000000, 0x0000000705100000|  0%| F|  |TAMS 0x0000000705000000, 0x0000000705000000| Untracked 
|  33|0x0000000705100000, 0x0000000705100000, 0x0000000705200000|  0%| F|  |TAMS 0x0000000705100000, 0x0000000705100000| Untracked 
|  34|0x0000000705200000, 0x0000000705200000, 0x0000000705300000|  0%| F|  |TAMS 0x0000000705200000, 0x0000000705200000| Untracked 
|  35|0x0000000705300000, 0x0000000705300000, 0x0000000705400000|  0%| F|  |TAMS 0x0000000705300000, 0x0000000705300000| Untracked 
|  36|0x0000000705400000, 0x0000000705400000, 0x0000000705500000|  0%| F|  |TAMS 0x0000000705400000, 0x0000000705400000| Untracked 
|  37|0x0000000705500000, 0x0000000705500000, 0x0000000705600000|  0%| F|  |TAMS 0x0000000705500000, 0x0000000705500000| Untracked 
|  38|0x0000000705600000, 0x0000000705600000, 0x0000000705700000|  0%| F|  |TAMS 0x0000000705600000, 0x0000000705600000| Untracked 
|  39|0x0000000705700000, 0x0000000705700000, 0x0000000705800000|  0%| F|  |TAMS 0x0000000705700000, 0x0000000705700000| Untracked 
|  40|0x0000000705800000, 0x0000000705800000, 0x0000000705900000|  0%| F|  |TAMS 0x0000000705800000, 0x0000000705800000| Untracked 
|  41|0x0000000705900000, 0x0000000705900000, 0x0000000705a00000|  0%| F|  |TAMS 0x0000000705900000, 0x0000000705900000| Untracked 
|  42|0x0000000705a00000, 0x0000000705a00000, 0x0000000705b00000|  0%| F|  |TAMS 0x0000000705a00000, 0x0000000705a00000| Untracked 
|  43|0x0000000705b00000, 0x0000000705b00000, 0x0000000705c00000|  0%| F|  |TAMS 0x0000000705b00000, 0x0000000705b00000| Untracked 
|  44|0x0000000705c00000, 0x0000000705c00000, 0x0000000705d00000|  0%| F|  |TAMS 0x0000000705c00000, 0x0000000705c00000| Untracked 
|  45|0x0000000705d00000, 0x0000000705d00000, 0x0000000705e00000|  0%| F|  |TAMS 0x0000000705d00000, 0x0000000705d00000| Untracked 
|  46|0x0000000705e00000, 0x0000000705e00000, 0x0000000705f00000|  0%| F|  |TAMS 0x0000000705e00000, 0x0000000705e00000| Untracked 
|  47|0x0000000705f00000, 0x0000000705f00000, 0x0000000706000000|  0%| F|  |TAMS 0x0000000705f00000, 0x0000000705f00000| Untracked 
|  48|0x0000000706000000, 0x0000000706000000, 0x0000000706100000|  0%| F|  |TAMS 0x0000000706000000, 0x0000000706000000| Untracked 
|  49|0x0000000706100000, 0x0000000706100000, 0x0000000706200000|  0%| F|  |TAMS 0x0000000706100000, 0x0000000706100000| Untracked 
|  50|0x0000000706200000, 0x0000000706200000, 0x0000000706300000|  0%| F|  |TAMS 0x0000000706200000, 0x0000000706200000| Untracked 
|  51|0x0000000706300000, 0x0000000706300000, 0x0000000706400000|  0%| F|  |TAMS 0x0000000706300000, 0x0000000706300000| Untracked 
|  52|0x0000000706400000, 0x0000000706400000, 0x0000000706500000|  0%| F|  |TAMS 0x0000000706400000, 0x0000000706400000| Untracked 
|  53|0x0000000706500000, 0x0000000706500000, 0x0000000706600000|  0%| F|  |TAMS 0x0000000706500000, 0x0000000706500000| Untracked 
|  54|0x0000000706600000, 0x0000000706600000, 0x0000000706700000|  0%| F|  |TAMS 0x0000000706600000, 0x0000000706600000| Untracked 
|  55|0x0000000706700000, 0x0000000706700000, 0x0000000706800000|  0%| F|  |TAMS 0x0000000706700000, 0x0000000706700000| Untracked 
|  56|0x0000000706800000, 0x0000000706800000, 0x0000000706900000|  0%| F|  |TAMS 0x0000000706800000, 0x0000000706800000| Untracked 
|  57|0x0000000706900000, 0x0000000706900000, 0x0000000706a00000|  0%| F|  |TAMS 0x0000000706900000, 0x0000000706900000| Untracked 
|  58|0x0000000706a00000, 0x0000000706a00000, 0x0000000706b00000|  0%| F|  |TAMS 0x0000000706a00000, 0x0000000706a00000| Untracked 
|  59|0x0000000706b00000, 0x0000000706b00000, 0x0000000706c00000|  0%| F|  |TAMS 0x0000000706b00000, 0x0000000706b00000| Untracked 
|  60|0x0000000706c00000, 0x0000000706c00000, 0x0000000706d00000|  0%| F|  |TAMS 0x0000000706c00000, 0x0000000706c00000| Untracked 
|  61|0x0000000706d00000, 0x0000000706d00000, 0x0000000706e00000|  0%| F|  |TAMS 0x0000000706d00000, 0x0000000706d00000| Untracked 
|  62|0x0000000706e00000, 0x0000000706e00000, 0x0000000706f00000|  0%| F|  |TAMS 0x0000000706e00000, 0x0000000706e00000| Untracked 
|  63|0x0000000706f00000, 0x0000000706f00000, 0x0000000707000000|  0%| F|  |TAMS 0x0000000706f00000, 0x0000000706f00000| Untracked 
|  64|0x0000000707000000, 0x0000000707000000, 0x0000000707100000|  0%| F|  |TAMS 0x0000000707000000, 0x0000000707000000| Untracked 
|  65|0x0000000707100000, 0x0000000707100000, 0x0000000707200000|  0%| F|  |TAMS 0x0000000707100000, 0x0000000707100000| Untracked 
|  66|0x0000000707200000, 0x0000000707200000, 0x0000000707300000|  0%| F|  |TAMS 0x0000000707200000, 0x0000000707200000| Untracked 
|  67|0x0000000707300000, 0x0000000707300000, 0x0000000707400000|  0%| F|  |TAMS 0x0000000707300000, 0x0000000707300000| Untracked 
|  68|0x0000000707400000, 0x0000000707400000, 0x0000000707500000|  0%| F|  |TAMS 0x0000000707400000, 0x0000000707400000| Untracked 
|  69|0x0000000707500000, 0x0000000707500000, 0x0000000707600000|  0%| F|  |TAMS 0x0000000707500000, 0x0000000707500000| Untracked 
|  70|0x0000000707600000, 0x0000000707600000, 0x0000000707700000|  0%| F|  |TAMS 0x0000000707600000, 0x0000000707600000| Untracked 
|  71|0x0000000707700000, 0x0000000707700000, 0x0000000707800000|  0%| F|  |TAMS 0x0000000707700000, 0x0000000707700000| Untracked 
|  72|0x0000000707800000, 0x0000000707800000, 0x0000000707900000|  0%| F|  |TAMS 0x0000000707800000, 0x0000000707800000| Untracked 
|  73|0x0000000707900000, 0x0000000707900000, 0x0000000707a00000|  0%| F|  |TAMS 0x0000000707900000, 0x0000000707900000| Untracked 
|  74|0x0000000707a00000, 0x0000000707a00000, 0x0000000707b00000|  0%| F|  |TAMS 0x0000000707a00000, 0x0000000707a00000| Untracked 
|  75|0x0000000707b00000, 0x0000000707b00000, 0x0000000707c00000|  0%| F|  |TAMS 0x0000000707b00000, 0x0000000707b00000| Untracked 
|  76|0x0000000707c00000, 0x0000000707c00000, 0x0000000707d00000|  0%| F|  |TAMS 0x0000000707c00000, 0x0000000707c00000| Untracked 
|  77|0x0000000707d00000, 0x0000000707d00000, 0x0000000707e00000|  0%| F|  |TAMS 0x0000000707d00000, 0x0000000707d00000| Untracked 
|  78|0x0000000707e00000, 0x0000000707e00000, 0x0000000707f00000|  0%| F|  |TAMS 0x0000000707e00000, 0x0000000707e00000| Untracked 
|  79|0x0000000707f00000, 0x0000000707f00000, 0x0000000708000000|  0%| F|  |TAMS 0x0000000707f00000, 0x0000000707f00000| Untracked 
|  80|0x0000000708000000, 0x0000000708000000, 0x0000000708100000|  0%| F|  |TAMS 0x0000000708000000, 0x0000000708000000| Untracked 
|  81|0x0000000708100000, 0x0000000708100000, 0x0000000708200000|  0%| F|  |TAMS 0x0000000708100000, 0x0000000708100000| Untracked 
|  82|0x0000000708200000, 0x0000000708200000, 0x0000000708300000|  0%| F|  |TAMS 0x0000000708200000, 0x0000000708200000| Untracked 
|  83|0x0000000708300000, 0x0000000708300000, 0x0000000708400000|  0%| F|  |TAMS 0x0000000708300000, 0x0000000708300000| Untracked 
|  84|0x0000000708400000, 0x0000000708400000, 0x0000000708500000|  0%| F|  |TAMS 0x0000000708400000, 0x0000000708400000| Untracked 
|  85|0x0000000708500000, 0x0000000708500000, 0x0000000708600000|  0%| F|  |TAMS 0x0000000708500000, 0x0000000708500000| Untracked 
|  86|0x0000000708600000, 0x0000000708600000, 0x0000000708700000|  0%| F|  |TAMS 0x0000000708600000, 0x0000000708600000| Untracked 
|  87|0x0000000708700000, 0x0000000708700000, 0x0000000708800000|  0%| F|  |TAMS 0x0000000708700000, 0x0000000708700000| Untracked 
|  88|0x0000000708800000, 0x0000000708800000, 0x0000000708900000|  0%| F|  |TAMS 0x0000000708800000, 0x0000000708800000| Untracked 
|  89|0x0000000708900000, 0x0000000708900000, 0x0000000708a00000|  0%| F|  |TAMS 0x0000000708900000, 0x0000000708900000| Untracked 
|  90|0x0000000708a00000, 0x0000000708a00000, 0x0000000708b00000|  0%| F|  |TAMS 0x0000000708a00000, 0x0000000708a00000| Untracked 
|  91|0x0000000708b00000, 0x0000000708b00000, 0x0000000708c00000|  0%| F|  |TAMS 0x0000000708b00000, 0x0000000708b00000| Untracked 
|  92|0x0000000708c00000, 0x0000000708c00000, 0x0000000708d00000|  0%| F|  |TAMS 0x0000000708c00000, 0x0000000708c00000| Untracked 
|  93|0x0000000708d00000, 0x0000000708d00000, 0x0000000708e00000|  0%| F|  |TAMS 0x0000000708d00000, 0x0000000708d00000| Untracked 
|  94|0x0000000708e00000, 0x0000000708e00000, 0x0000000708f00000|  0%| F|  |TAMS 0x0000000708e00000, 0x0000000708e00000| Untracked 
|  95|0x0000000708f00000, 0x0000000708f00000, 0x0000000709000000|  0%| F|  |TAMS 0x0000000708f00000, 0x0000000708f00000| Untracked 
|  96|0x0000000709000000, 0x0000000709000000, 0x0000000709100000|  0%| F|  |TAMS 0x0000000709000000, 0x0000000709000000| Untracked 
|  97|0x0000000709100000, 0x0000000709100000, 0x0000000709200000|  0%| F|  |TAMS 0x0000000709100000, 0x0000000709100000| Untracked 
|  98|0x0000000709200000, 0x0000000709200000, 0x0000000709300000|  0%| F|  |TAMS 0x0000000709200000, 0x0000000709200000| Untracked 
|  99|0x0000000709300000, 0x0000000709300000, 0x0000000709400000|  0%| F|  |TAMS 0x0000000709300000, 0x0000000709300000| Untracked 
| 100|0x0000000709400000, 0x0000000709400000, 0x0000000709500000|  0%| F|  |TAMS 0x0000000709400000, 0x0000000709400000| Untracked 
| 101|0x0000000709500000, 0x0000000709500000, 0x0000000709600000|  0%| F|  |TAMS 0x0000000709500000, 0x0000000709500000| Untracked 
| 102|0x0000000709600000, 0x0000000709600000, 0x0000000709700000|  0%| F|  |TAMS 0x0000000709600000, 0x0000000709600000| Untracked 
| 103|0x0000000709700000, 0x0000000709700000, 0x0000000709800000|  0%| F|  |TAMS 0x0000000709700000, 0x0000000709700000| Untracked 
| 104|0x0000000709800000, 0x0000000709800000, 0x0000000709900000|  0%| F|  |TAMS 0x0000000709800000, 0x0000000709800000| Untracked 
| 105|0x0000000709900000, 0x0000000709900000, 0x0000000709a00000|  0%| F|  |TAMS 0x0000000709900000, 0x0000000709900000| Untracked 
| 106|0x0000000709a00000, 0x0000000709a00000, 0x0000000709b00000|  0%| F|  |TAMS 0x0000000709a00000, 0x0000000709a00000| Untracked 
| 107|0x0000000709b00000, 0x0000000709b00000, 0x0000000709c00000|  0%| F|  |TAMS 0x0000000709b00000, 0x0000000709b00000| Untracked 
| 108|0x0000000709c00000, 0x0000000709c00000, 0x0000000709d00000|  0%| F|  |TAMS 0x0000000709c00000, 0x0000000709c00000| Untracked 
| 109|0x0000000709d00000, 0x0000000709d00000, 0x0000000709e00000|  0%| F|  |TAMS 0x0000000709d00000, 0x0000000709d00000| Untracked 
| 110|0x0000000709e00000, 0x0000000709e00000, 0x0000000709f00000|  0%| F|  |TAMS 0x0000000709e00000, 0x0000000709e00000| Untracked 
| 111|0x0000000709f00000, 0x0000000709f00000, 0x000000070a000000|  0%| F|  |TAMS 0x0000000709f00000, 0x0000000709f00000| Untracked 
| 112|0x000000070a000000, 0x000000070a000000, 0x000000070a100000|  0%| F|  |TAMS 0x000000070a000000, 0x000000070a000000| Untracked 
| 113|0x000000070a100000, 0x000000070a100000, 0x000000070a200000|  0%| F|  |TAMS 0x000000070a100000, 0x000000070a100000| Untracked 
| 114|0x000000070a200000, 0x000000070a200000, 0x000000070a300000|  0%| F|  |TAMS 0x000000070a200000, 0x000000070a200000| Untracked 
| 115|0x000000070a300000, 0x000000070a300000, 0x000000070a400000|  0%| F|  |TAMS 0x000000070a300000, 0x000000070a300000| Untracked 
| 116|0x000000070a400000, 0x000000070a400000, 0x000000070a500000|  0%| F|  |TAMS 0x000000070a400000, 0x000000070a400000| Untracked 
| 117|0x000000070a500000, 0x000000070a500000, 0x000000070a600000|  0%| F|  |TAMS 0x000000070a500000, 0x000000070a500000| Untracked 
| 118|0x000000070a600000, 0x000000070a600000, 0x000000070a700000|  0%| F|  |TAMS 0x000000070a600000, 0x000000070a600000| Untracked 
| 119|0x000000070a700000, 0x000000070a700000, 0x000000070a800000|  0%| F|  |TAMS 0x000000070a700000, 0x000000070a700000| Untracked 
| 120|0x000000070a800000, 0x000000070a800000, 0x000000070a900000|  0%| F|  |TAMS 0x000000070a800000, 0x000000070a800000| Untracked 
| 121|0x000000070a900000, 0x000000070a900000, 0x000000070aa00000|  0%| F|  |TAMS 0x000000070a900000, 0x000000070a900000| Untracked 
| 122|0x000000070aa00000, 0x000000070aa00000, 0x000000070ab00000|  0%| F|  |TAMS 0x000000070aa00000, 0x000000070aa00000| Untracked 
| 123|0x000000070ab00000, 0x000000070ab00000, 0x000000070ac00000|  0%| F|  |TAMS 0x000000070ab00000, 0x000000070ab00000| Untracked 
| 124|0x000000070ac00000, 0x000000070ac00000, 0x000000070ad00000|  0%| F|  |TAMS 0x000000070ac00000, 0x000000070ac00000| Untracked 
| 125|0x000000070ad00000, 0x000000070ad00000, 0x000000070ae00000|  0%| F|  |TAMS 0x000000070ad00000, 0x000000070ad00000| Untracked 
| 126|0x000000070ae00000, 0x000000070ae00000, 0x000000070af00000|  0%| F|  |TAMS 0x000000070ae00000, 0x000000070ae00000| Untracked 
| 127|0x000000070af00000, 0x000000070af00000, 0x000000070b000000|  0%| F|  |TAMS 0x000000070af00000, 0x000000070af00000| Untracked 
| 128|0x000000070b000000, 0x000000070b000000, 0x000000070b100000|  0%| F|  |TAMS 0x000000070b000000, 0x000000070b000000| Untracked 
| 129|0x000000070b100000, 0x000000070b100000, 0x000000070b200000|  0%| F|  |TAMS 0x000000070b100000, 0x000000070b100000| Untracked 
| 130|0x000000070b200000, 0x000000070b200000, 0x000000070b300000|  0%| F|  |TAMS 0x000000070b200000, 0x000000070b200000| Untracked 
| 131|0x000000070b300000, 0x000000070b300000, 0x000000070b400000|  0%| F|  |TAMS 0x000000070b300000, 0x000000070b300000| Untracked 
| 132|0x000000070b400000, 0x000000070b400000, 0x000000070b500000|  0%| F|  |TAMS 0x000000070b400000, 0x000000070b400000| Untracked 
| 133|0x000000070b500000, 0x000000070b500000, 0x000000070b600000|  0%| F|  |TAMS 0x000000070b500000, 0x000000070b500000| Untracked 
| 134|0x000000070b600000, 0x000000070b600000, 0x000000070b700000|  0%| F|  |TAMS 0x000000070b600000, 0x000000070b600000| Untracked 
| 135|0x000000070b700000, 0x000000070b700000, 0x000000070b800000|  0%| F|  |TAMS 0x000000070b700000, 0x000000070b700000| Untracked 
| 136|0x000000070b800000, 0x000000070b800000, 0x000000070b900000|  0%| F|  |TAMS 0x000000070b800000, 0x000000070b800000| Untracked 
| 137|0x000000070b900000, 0x000000070b900000, 0x000000070ba00000|  0%| F|  |TAMS 0x000000070b900000, 0x000000070b900000| Untracked 
| 138|0x000000070ba00000, 0x000000070ba00000, 0x000000070bb00000|  0%| F|  |TAMS 0x000000070ba00000, 0x000000070ba00000| Untracked 
| 139|0x000000070bb00000, 0x000000070bb00000, 0x000000070bc00000|  0%| F|  |TAMS 0x000000070bb00000, 0x000000070bb00000| Untracked 
| 140|0x000000070bc00000, 0x000000070bc00000, 0x000000070bd00000|  0%| F|  |TAMS 0x000000070bc00000, 0x000000070bc00000| Untracked 
| 141|0x000000070bd00000, 0x000000070bd00000, 0x000000070be00000|  0%| F|  |TAMS 0x000000070bd00000, 0x000000070bd00000| Untracked 
| 142|0x000000070be00000, 0x000000070be00000, 0x000000070bf00000|  0%| F|  |TAMS 0x000000070be00000, 0x000000070be00000| Untracked 
| 143|0x000000070bf00000, 0x000000070bf00000, 0x000000070c000000|  0%| F|  |TAMS 0x000000070bf00000, 0x000000070bf00000| Untracked 
| 144|0x000000070c000000, 0x000000070c000000, 0x000000070c100000|  0%| F|  |TAMS 0x000000070c000000, 0x000000070c000000| Untracked 
| 145|0x000000070c100000, 0x000000070c100000, 0x000000070c200000|  0%| F|  |TAMS 0x000000070c100000, 0x000000070c100000| Untracked 
| 146|0x000000070c200000, 0x000000070c200000, 0x000000070c300000|  0%| F|  |TAMS 0x000000070c200000, 0x000000070c200000| Untracked 
| 147|0x000000070c300000, 0x000000070c300000, 0x000000070c400000|  0%| F|  |TAMS 0x000000070c300000, 0x000000070c300000| Untracked 
| 148|0x000000070c400000, 0x000000070c400000, 0x000000070c500000|  0%| F|  |TAMS 0x000000070c400000, 0x000000070c400000| Untracked 
| 149|0x000000070c500000, 0x000000070c500000, 0x000000070c600000|  0%| F|  |TAMS 0x000000070c500000, 0x000000070c500000| Untracked 
| 150|0x000000070c600000, 0x000000070c600000, 0x000000070c700000|  0%| F|  |TAMS 0x000000070c600000, 0x000000070c600000| Untracked 
| 151|0x000000070c700000, 0x000000070c700000, 0x000000070c800000|  0%| F|  |TAMS 0x000000070c700000, 0x000000070c700000| Untracked 
| 152|0x000000070c800000, 0x000000070c800000, 0x000000070c900000|  0%| F|  |TAMS 0x000000070c800000, 0x000000070c800000| Untracked 
| 153|0x000000070c900000, 0x000000070c900000, 0x000000070ca00000|  0%| F|  |TAMS 0x000000070c900000, 0x000000070c900000| Untracked 
| 154|0x000000070ca00000, 0x000000070ca00000, 0x000000070cb00000|  0%| F|  |TAMS 0x000000070ca00000, 0x000000070ca00000| Untracked 
| 155|0x000000070cb00000, 0x000000070cb00000, 0x000000070cc00000|  0%| F|  |TAMS 0x000000070cb00000, 0x000000070cb00000| Untracked 
| 156|0x000000070cc00000, 0x000000070cc00000, 0x000000070cd00000|  0%| F|  |TAMS 0x000000070cc00000, 0x000000070cc00000| Untracked 
| 157|0x000000070cd00000, 0x000000070cd00000, 0x000000070ce00000|  0%| F|  |TAMS 0x000000070cd00000, 0x000000070cd00000| Untracked 
| 158|0x000000070ce00000, 0x000000070ce00000, 0x000000070cf00000|  0%| F|  |TAMS 0x000000070ce00000, 0x000000070ce00000| Untracked 
| 159|0x000000070cf00000, 0x000000070cf00000, 0x000000070d000000|  0%| F|  |TAMS 0x000000070cf00000, 0x000000070cf00000| Untracked 
| 160|0x000000070d000000, 0x000000070d000000, 0x000000070d100000|  0%| F|  |TAMS 0x000000070d000000, 0x000000070d000000| Untracked 
| 161|0x000000070d100000, 0x000000070d100000, 0x000000070d200000|  0%| F|  |TAMS 0x000000070d100000, 0x000000070d100000| Untracked 
| 162|0x000000070d200000, 0x000000070d200000, 0x000000070d300000|  0%| F|  |TAMS 0x000000070d200000, 0x000000070d200000| Untracked 
| 163|0x000000070d300000, 0x000000070d300000, 0x000000070d400000|  0%| F|  |TAMS 0x000000070d300000, 0x000000070d300000| Untracked 
| 164|0x000000070d400000, 0x000000070d400000, 0x000000070d500000|  0%| F|  |TAMS 0x000000070d400000, 0x000000070d400000| Untracked 
| 165|0x000000070d500000, 0x000000070d500000, 0x000000070d600000|  0%| F|  |TAMS 0x000000070d500000, 0x000000070d500000| Untracked 
| 166|0x000000070d600000, 0x000000070d600000, 0x000000070d700000|  0%| F|  |TAMS 0x000000070d600000, 0x000000070d600000| Untracked 
| 167|0x000000070d700000, 0x000000070d700000, 0x000000070d800000|  0%| F|  |TAMS 0x000000070d700000, 0x000000070d700000| Untracked 
| 168|0x000000070d800000, 0x000000070d800000, 0x000000070d900000|  0%| F|  |TAMS 0x000000070d800000, 0x000000070d800000| Untracked 
| 169|0x000000070d900000, 0x000000070d900000, 0x000000070da00000|  0%| F|  |TAMS 0x000000070d900000, 0x000000070d900000| Untracked 
| 170|0x000000070da00000, 0x000000070da00000, 0x000000070db00000|  0%| F|  |TAMS 0x000000070da00000, 0x000000070da00000| Untracked 
| 171|0x000000070db00000, 0x000000070db00000, 0x000000070dc00000|  0%| F|  |TAMS 0x000000070db00000, 0x000000070db00000| Untracked 
| 172|0x000000070dc00000, 0x000000070dc00000, 0x000000070dd00000|  0%| F|  |TAMS 0x000000070dc00000, 0x000000070dc00000| Untracked 
| 173|0x000000070dd00000, 0x000000070dd00000, 0x000000070de00000|  0%| F|  |TAMS 0x000000070dd00000, 0x000000070dd00000| Untracked 
| 174|0x000000070de00000, 0x000000070de00000, 0x000000070df00000|  0%| F|  |TAMS 0x000000070de00000, 0x000000070de00000| Untracked 
| 175|0x000000070df00000, 0x000000070df00000, 0x000000070e000000|  0%| F|  |TAMS 0x000000070df00000, 0x000000070df00000| Untracked 
| 176|0x000000070e000000, 0x000000070e000000, 0x000000070e100000|  0%| F|  |TAMS 0x000000070e000000, 0x000000070e000000| Untracked 
| 177|0x000000070e100000, 0x000000070e100000, 0x000000070e200000|  0%| F|  |TAMS 0x000000070e100000, 0x000000070e100000| Untracked 
| 178|0x000000070e200000, 0x000000070e200000, 0x000000070e300000|  0%| F|  |TAMS 0x000000070e200000, 0x000000070e200000| Untracked 
| 179|0x000000070e300000, 0x000000070e300000, 0x000000070e400000|  0%| F|  |TAMS 0x000000070e300000, 0x000000070e300000| Untracked 
| 180|0x000000070e400000, 0x000000070e400000, 0x000000070e500000|  0%| F|  |TAMS 0x000000070e400000, 0x000000070e400000| Untracked 
| 181|0x000000070e500000, 0x000000070e500000, 0x000000070e600000|  0%| F|  |TAMS 0x000000070e500000, 0x000000070e500000| Untracked 
| 182|0x000000070e600000, 0x000000070e600000, 0x000000070e700000|  0%| F|  |TAMS 0x000000070e600000, 0x000000070e600000| Untracked 
| 183|0x000000070e700000, 0x000000070e700000, 0x000000070e800000|  0%| F|  |TAMS 0x000000070e700000, 0x000000070e700000| Untracked 
| 184|0x000000070e800000, 0x000000070e800000, 0x000000070e900000|  0%| F|  |TAMS 0x000000070e800000, 0x000000070e800000| Untracked 
| 185|0x000000070e900000, 0x000000070e900000, 0x000000070ea00000|  0%| F|  |TAMS 0x000000070e900000, 0x000000070e900000| Untracked 
| 186|0x000000070ea00000, 0x000000070ea00000, 0x000000070eb00000|  0%| F|  |TAMS 0x000000070ea00000, 0x000000070ea00000| Untracked 
| 187|0x000000070eb00000, 0x000000070eb00000, 0x000000070ec00000|  0%| F|  |TAMS 0x000000070eb00000, 0x000000070eb00000| Untracked 
| 188|0x000000070ec00000, 0x000000070ec00000, 0x000000070ed00000|  0%| F|  |TAMS 0x000000070ec00000, 0x000000070ec00000| Untracked 
| 189|0x000000070ed00000, 0x000000070ed00000, 0x000000070ee00000|  0%| F|  |TAMS 0x000000070ed00000, 0x000000070ed00000| Untracked 
| 190|0x000000070ee00000, 0x000000070ee00000, 0x000000070ef00000|  0%| F|  |TAMS 0x000000070ee00000, 0x000000070ee00000| Untracked 
| 191|0x000000070ef00000, 0x000000070ef00000, 0x000000070f000000|  0%| F|  |TAMS 0x000000070ef00000, 0x000000070ef00000| Untracked 
| 192|0x000000070f000000, 0x000000070f000000, 0x000000070f100000|  0%| F|  |TAMS 0x000000070f000000, 0x000000070f000000| Untracked 
| 193|0x000000070f100000, 0x000000070f100000, 0x000000070f200000|  0%| F|  |TAMS 0x000000070f100000, 0x000000070f100000| Untracked 
| 194|0x000000070f200000, 0x000000070f200000, 0x000000070f300000|  0%| F|  |TAMS 0x000000070f200000, 0x000000070f200000| Untracked 
| 195|0x000000070f300000, 0x000000070f300000, 0x000000070f400000|  0%| F|  |TAMS 0x000000070f300000, 0x000000070f300000| Untracked 
| 196|0x000000070f400000, 0x000000070f400000, 0x000000070f500000|  0%| F|  |TAMS 0x000000070f400000, 0x000000070f400000| Untracked 
| 197|0x000000070f500000, 0x000000070f500000, 0x000000070f600000|  0%| F|  |TAMS 0x000000070f500000, 0x000000070f500000| Untracked 
| 198|0x000000070f600000, 0x000000070f600000, 0x000000070f700000|  0%| F|  |TAMS 0x000000070f600000, 0x000000070f600000| Untracked 
| 199|0x000000070f700000, 0x000000070f700000, 0x000000070f800000|  0%| F|  |TAMS 0x000000070f700000, 0x000000070f700000| Untracked 
| 200|0x000000070f800000, 0x000000070f800000, 0x000000070f900000|  0%| F|  |TAMS 0x000000070f800000, 0x000000070f800000| Untracked 
| 201|0x000000070f900000, 0x000000070f900000, 0x000000070fa00000|  0%| F|  |TAMS 0x000000070f900000, 0x000000070f900000| Untracked 
| 202|0x000000070fa00000, 0x000000070fa00000, 0x000000070fb00000|  0%| F|  |TAMS 0x000000070fa00000, 0x000000070fa00000| Untracked 
| 203|0x000000070fb00000, 0x000000070fb00000, 0x000000070fc00000|  0%| F|  |TAMS 0x000000070fb00000, 0x000000070fb00000| Untracked 
| 204|0x000000070fc00000, 0x000000070fc00000, 0x000000070fd00000|  0%| F|  |TAMS 0x000000070fc00000, 0x000000070fc00000| Untracked 
| 205|0x000000070fd00000, 0x000000070fd00000, 0x000000070fe00000|  0%| F|  |TAMS 0x000000070fd00000, 0x000000070fd00000| Untracked 
| 206|0x000000070fe00000, 0x000000070fe00000, 0x000000070ff00000|  0%| F|  |TAMS 0x000000070fe00000, 0x000000070fe00000| Untracked 
| 207|0x000000070ff00000, 0x000000070ff00000, 0x0000000710000000|  0%| F|  |TAMS 0x000000070ff00000, 0x000000070ff00000| Untracked 
| 208|0x0000000710000000, 0x0000000710000000, 0x0000000710100000|  0%| F|  |TAMS 0x0000000710000000, 0x0000000710000000| Untracked 
| 209|0x0000000710100000, 0x0000000710100000, 0x0000000710200000|  0%| F|  |TAMS 0x0000000710100000, 0x0000000710100000| Untracked 
| 210|0x0000000710200000, 0x0000000710200000, 0x0000000710300000|  0%| F|  |TAMS 0x0000000710200000, 0x0000000710200000| Untracked 
| 211|0x0000000710300000, 0x0000000710300000, 0x0000000710400000|  0%| F|  |TAMS 0x0000000710300000, 0x0000000710300000| Untracked 
| 212|0x0000000710400000, 0x0000000710400000, 0x0000000710500000|  0%| F|  |TAMS 0x0000000710400000, 0x0000000710400000| Untracked 
| 213|0x0000000710500000, 0x0000000710500000, 0x0000000710600000|  0%| F|  |TAMS 0x0000000710500000, 0x0000000710500000| Untracked 
| 214|0x0000000710600000, 0x0000000710600000, 0x0000000710700000|  0%| F|  |TAMS 0x0000000710600000, 0x0000000710600000| Untracked 
| 215|0x0000000710700000, 0x0000000710700000, 0x0000000710800000|  0%| F|  |TAMS 0x0000000710700000, 0x0000000710700000| Untracked 
| 216|0x0000000710800000, 0x0000000710800000, 0x0000000710900000|  0%| F|  |TAMS 0x0000000710800000, 0x0000000710800000| Untracked 
| 217|0x0000000710900000, 0x0000000710900000, 0x0000000710a00000|  0%| F|  |TAMS 0x0000000710900000, 0x0000000710900000| Untracked 
| 218|0x0000000710a00000, 0x0000000710a00000, 0x0000000710b00000|  0%| F|  |TAMS 0x0000000710a00000, 0x0000000710a00000| Untracked 
| 219|0x0000000710b00000, 0x0000000710c00000, 0x0000000710c00000|100%| S|CS|TAMS 0x0000000710b00000, 0x0000000710b00000| Complete 
| 220|0x0000000710c00000, 0x0000000710d00000, 0x0000000710d00000|100%| S|CS|TAMS 0x0000000710c00000, 0x0000000710c00000| Complete 
| 221|0x0000000710d00000, 0x0000000710e00000, 0x0000000710e00000|100%| S|CS|TAMS 0x0000000710d00000, 0x0000000710d00000| Complete 
| 222|0x0000000710e00000, 0x0000000710f00000, 0x0000000710f00000|100%| S|CS|TAMS 0x0000000710e00000, 0x0000000710e00000| Complete 
| 223|0x0000000710f00000, 0x0000000710f00000, 0x0000000711000000|  0%| F|  |TAMS 0x0000000710f00000, 0x0000000710f00000| Untracked 
| 224|0x0000000711000000, 0x0000000711000000, 0x0000000711100000|  0%| F|  |TAMS 0x0000000711000000, 0x0000000711000000| Untracked 
| 225|0x0000000711100000, 0x0000000711100000, 0x0000000711200000|  0%| F|  |TAMS 0x0000000711100000, 0x0000000711100000| Untracked 
| 226|0x0000000711200000, 0x0000000711200000, 0x0000000711300000|  0%| F|  |TAMS 0x0000000711200000, 0x0000000711200000| Untracked 
| 227|0x0000000711300000, 0x0000000711300000, 0x0000000711400000|  0%| F|  |TAMS 0x0000000711300000, 0x0000000711300000| Untracked 
| 228|0x0000000711400000, 0x0000000711400000, 0x0000000711500000|  0%| F|  |TAMS 0x0000000711400000, 0x0000000711400000| Untracked 
| 229|0x0000000711500000, 0x0000000711500000, 0x0000000711600000|  0%| F|  |TAMS 0x0000000711500000, 0x0000000711500000| Untracked 
| 230|0x0000000711600000, 0x0000000711600000, 0x0000000711700000|  0%| F|  |TAMS 0x0000000711600000, 0x0000000711600000| Untracked 
| 231|0x0000000711700000, 0x0000000711700000, 0x0000000711800000|  0%| F|  |TAMS 0x0000000711700000, 0x0000000711700000| Untracked 
| 232|0x0000000711800000, 0x0000000711800000, 0x0000000711900000|  0%| F|  |TAMS 0x0000000711800000, 0x0000000711800000| Untracked 
| 233|0x0000000711900000, 0x0000000711900000, 0x0000000711a00000|  0%| F|  |TAMS 0x0000000711900000, 0x0000000711900000| Untracked 
| 234|0x0000000711a00000, 0x0000000711a00000, 0x0000000711b00000|  0%| F|  |TAMS 0x0000000711a00000, 0x0000000711a00000| Untracked 
| 235|0x0000000711b00000, 0x0000000711b00000, 0x0000000711c00000|  0%| F|  |TAMS 0x0000000711b00000, 0x0000000711b00000| Untracked 
| 236|0x0000000711c00000, 0x0000000711c00000, 0x0000000711d00000|  0%| F|  |TAMS 0x0000000711c00000, 0x0000000711c00000| Untracked 
| 237|0x0000000711d00000, 0x0000000711d00000, 0x0000000711e00000|  0%| F|  |TAMS 0x0000000711d00000, 0x0000000711d00000| Untracked 
| 238|0x0000000711e00000, 0x0000000711e00000, 0x0000000711f00000|  0%| F|  |TAMS 0x0000000711e00000, 0x0000000711e00000| Untracked 
| 239|0x0000000711f00000, 0x0000000711f00000, 0x0000000712000000|  0%| F|  |TAMS 0x0000000711f00000, 0x0000000711f00000| Untracked 
| 240|0x0000000712000000, 0x0000000712000000, 0x0000000712100000|  0%| F|  |TAMS 0x0000000712000000, 0x0000000712000000| Untracked 
| 241|0x0000000712100000, 0x0000000712100000, 0x0000000712200000|  0%| F|  |TAMS 0x0000000712100000, 0x0000000712100000| Untracked 
| 242|0x0000000712200000, 0x0000000712200000, 0x0000000712300000|  0%| F|  |TAMS 0x0000000712200000, 0x0000000712200000| Untracked 
| 243|0x0000000712300000, 0x0000000712300000, 0x0000000712400000|  0%| F|  |TAMS 0x0000000712300000, 0x0000000712300000| Untracked 
| 244|0x0000000712400000, 0x0000000712400000, 0x0000000712500000|  0%| F|  |TAMS 0x0000000712400000, 0x0000000712400000| Untracked 
| 245|0x0000000712500000, 0x0000000712500000, 0x0000000712600000|  0%| F|  |TAMS 0x0000000712500000, 0x0000000712500000| Untracked 
| 246|0x0000000712600000, 0x000000071264d510, 0x0000000712700000| 30%| E|  |TAMS 0x0000000712600000, 0x0000000712600000| Complete 
| 247|0x0000000712700000, 0x0000000712800000, 0x0000000712800000|100%| E|CS|TAMS 0x0000000712700000, 0x0000000712700000| Complete 
| 248|0x0000000712800000, 0x0000000712900000, 0x0000000712900000|100%| E|CS|TAMS 0x0000000712800000, 0x0000000712800000| Complete 
| 249|0x0000000712900000, 0x0000000712a00000, 0x0000000712a00000|100%| E|CS|TAMS 0x0000000712900000, 0x0000000712900000| Complete 
| 250|0x0000000712a00000, 0x0000000712b00000, 0x0000000712b00000|100%| E|CS|TAMS 0x0000000712a00000, 0x0000000712a00000| Complete 
| 251|0x0000000712b00000, 0x0000000712c00000, 0x0000000712c00000|100%| E|CS|TAMS 0x0000000712b00000, 0x0000000712b00000| Complete 
| 252|0x0000000712c00000, 0x0000000712d00000, 0x0000000712d00000|100%| E|CS|TAMS 0x0000000712c00000, 0x0000000712c00000| Complete 
| 253|0x0000000712d00000, 0x0000000712e00000, 0x0000000712e00000|100%| E|CS|TAMS 0x0000000712d00000, 0x0000000712d00000| Complete 

Card table byte_map: [0x000001ac9da90000,0x000001ac9e280000] _byte_map_base: 0x000001ac9a278000

Marking Bits (Prev, Next): (CMBitMap*) 0x000001ac858b4cc0, (CMBitMap*) 0x000001ac858b4c88
 Prev Bits: [0x000001aca29b0000, 0x000001aca68f0000)
 Next Bits: [0x000001ac9ea70000, 0x000001aca29b0000)

Polling page: 0x000001ac837d0000

Metaspace:

Usage:
  Non-class:     24.27 MB capacity,    23.66 MB ( 97%) used,   504.52 KB (  2%) free+waste,   127.00 KB ( <1%) overhead. 
      Class:      3.91 MB capacity,     3.46 MB ( 89%) used,   393.30 KB ( 10%) free+waste,    64.88 KB (  2%) overhead. 
       Both:     28.18 MB capacity,    27.12 MB ( 96%) used,   897.82 KB (  3%) free+waste,   191.88 KB ( <1%) overhead. 

Virtual space:
  Non-class space:       26.00 MB reserved,      24.50 MB ( 94%) committed 
      Class space:        1.00 GB reserved,       4.00 MB ( <1%) committed 
             Both:        1.03 GB reserved,      28.50 MB (  3%) committed 

Chunk freelists:
   Non-Class:  40.00 KB
       Class:  0 bytes
        Both:  40.00 KB

MaxMetaspaceSize: 17179869184.00 GB
CompressedClassSpaceSize: 1.00 GB
Initial GC threshold: 20.80 MB
Current GC threshold: 35.08 MB
CDS: off

CodeHeap 'non-profiled nmethods': size=120000Kb used=1652Kb max_used=1652Kb free=118348Kb
 bounds [0x000001ac95a40000, 0x000001ac95cb0000, 0x000001ac9cf70000]
CodeHeap 'profiled nmethods': size=120000Kb used=8075Kb max_used=8075Kb free=111924Kb
 bounds [0x000001ac8e510000, 0x000001ac8ed00000, 0x000001ac95a40000]
CodeHeap 'non-nmethods': size=5760Kb used=1464Kb max_used=1505Kb free=4295Kb
 bounds [0x000001ac8df70000, 0x000001ac8e1e0000, 0x000001ac8e510000]
 total_blobs=4474 nmethods=3680 adapters=705
 compilation: enabled
              stopped_count=0, restarted_count=0
 full_count=0

Compilation events (20 events):
Event: 44.492 Thread 0x000001aca9d7b800 3673       3       javafx.beans.property.ReadOnlyBooleanWrapper::fireValueChangedEvent (19 bytes)
Event: 44.493 Thread 0x000001aca9d7b800 nmethod 3673 0x000001ac8ecedc90 code [0x000001ac8ecede80, 0x000001ac8ecee3d8]
Event: 44.539 Thread 0x000001aca9d7b800 3674       3       com.sun.javafx.tk.quantum.GlassViewEventHandler$MouseEventNotification::run (5 bytes)
Event: 44.539 Thread 0x000001aca9d7b800 nmethod 3674 0x000001ac8ecee590 code [0x000001ac8ecee740, 0x000001ac8ecee888]
Event: 44.539 Thread 0x000001aca9d7b800 3675   !   3       com.sun.javafx.tk.quantum.GlassViewEventHandler$MouseEventNotification::run (703 bytes)
Event: 44.544 Thread 0x000001aca9d7b800 nmethod 3675 0x000001ac8ecee910 code [0x000001ac8eceec00, 0x000001ac8eceff88]
Event: 44.544 Thread 0x000001aca9d7b800 3676       3       com.sun.javafx.tk.quantum.GlassViewEventHandler::mouseEventType (102 bytes)
Event: 44.544 Thread 0x000001aca9d7b800 nmethod 3676 0x000001ac8ecf0790 code [0x000001ac8ecf0960, 0x000001ac8ecf0ce8]
Event: 44.544 Thread 0x000001aca9d7b800 3677       3       com.sun.javafx.tk.quantum.GlassViewEventHandler::mouseEventButton (60 bytes)
Event: 44.544 Thread 0x000001aca9d7b800 nmethod 3677 0x000001ac8ecf0d90 code [0x000001ac8ecf0f60, 0x000001ac8ecf1198]
Event: 44.544 Thread 0x000001aca9d7b800 3678       3       javafx.scene.Scene$ScenePeerListener::mouseEvent (54 bytes)
Event: 44.545 Thread 0x000001aca9d7b800 nmethod 3678 0x000001ac8ecf1210 code [0x000001ac8ecf13e0, 0x000001ac8ecf1798]
Event: 44.545 Thread 0x000001aca9d7b800 3679       3       javafx.scene.Scene::processMouseEvent (10 bytes)
Event: 44.545 Thread 0x000001aca9d7b800 nmethod 3679 0x000001ac8ecf1990 code [0x000001ac8ecf1b40, 0x000001ac8ecf1c88]
Event: 44.546 Thread 0x000001aca9d7b800 3680       3       java.util.EnumMap$Values::iterator (12 bytes)
Event: 44.546 Thread 0x000001aca9d7b800 nmethod 3680 0x000001ac8ecf1d90 code [0x000001ac8ecf1f60, 0x000001ac8ecf22b8]
Event: 44.546 Thread 0x000001aca9d7b800 3681       3       java.util.EnumMap$ValueIterator::<init> (11 bytes)
Event: 44.546 Thread 0x000001aca9d7b800 nmethod 3681 0x000001ac8ecf2410 code [0x000001ac8ecf25e0, 0x000001ac8ecf2878]
Event: 44.546 Thread 0x000001aca9d7b800 3682       3       java.util.EnumMap$EnumMapIterator::<init> (20 bytes)
Event: 44.547 Thread 0x000001aca9d7b800 nmethod 3682 0x000001ac8ecf2990 code [0x000001ac8ecf2b40, 0x000001ac8ecf2d18]

GC Heap History (6 events):
Event: 0.701 GC heap before
{Heap before GC invocations=0 (full 0):
 garbage-first heap   total 260096K, used 23552K [0x0000000703000000, 0x0000000800000000)
  region size 1024K, 24 young (24576K), 0 survivors (0K)
 Metaspace       used 16203K, capacity 16598K, committed 16896K, reserved 1064960K
  class space    used 1774K, capacity 1945K, committed 2048K, reserved 1048576K
}
Event: 0.706 GC heap after
{Heap after GC invocations=1 (full 0):
 garbage-first heap   total 260096K, used 4258K [0x0000000703000000, 0x0000000800000000)
  region size 1024K, 3 young (3072K), 3 survivors (3072K)
 Metaspace       used 16203K, capacity 16598K, committed 16896K, reserved 1064960K
  class space    used 1774K, capacity 1945K, committed 2048K, reserved 1048576K
}
Event: 1.046 GC heap before
{Heap before GC invocations=1 (full 0):
 garbage-first heap   total 260096K, used 19618K [0x0000000703000000, 0x0000000800000000)
  region size 1024K, 19 young (19456K), 3 survivors (3072K)
 Metaspace       used 20649K, capacity 21222K, committed 21296K, reserved 1069056K
  class space    used 2423K, capacity 2680K, committed 2688K, reserved 1048576K
}
Event: 1.052 GC heap after
{Heap after GC invocations=2 (full 0):
 garbage-first heap   total 260096K, used 7113K [0x0000000703000000, 0x0000000800000000)
  region size 1024K, 6 young (6144K), 6 survivors (6144K)
 Metaspace       used 20649K, capacity 21222K, committed 21296K, reserved 1069056K
  class space    used 2423K, capacity 2680K, committed 2688K, reserved 1048576K
}
Event: 4.383 GC heap before
{Heap before GC invocations=3 (full 0):
 garbage-first heap   total 260096K, used 36809K [0x0000000703000000, 0x0000000800000000)
  region size 1024K, 31 young (31744K), 6 survivors (6144K)
 Metaspace       used 26078K, capacity 27075K, committed 27264K, reserved 1073152K
  class space    used 3231K, capacity 3665K, committed 3712K, reserved 1048576K
}
Event: 4.393 GC heap after
{Heap after GC invocations=4 (full 0):
 garbage-first heap   total 260096K, used 13550K [0x0000000703000000, 0x0000000800000000)
  region size 1024K, 4 young (4096K), 4 survivors (4096K)
 Metaspace       used 26078K, capacity 27075K, committed 27264K, reserved 1073152K
  class space    used 3231K, capacity 3665K, committed 3712K, reserved 1048576K
}

Deoptimization events (20 events):
Event: 9.709 Thread 0x000001acaa7b9000 Uncommon trap: trap_request=0xffffffde fr.pc=0x000001ac95bbf6c4 relative=0x0000000000000ce4
Event: 9.709 Thread 0x000001acaa7b9000 Uncommon trap: reason=class_check action=maybe_recompile pc=0x000001ac95bbf6c4 method=javafx.scene.Node.updateLocalToParentTransform()V @ 11 c2
Event: 9.709 Thread 0x000001acaa7b9000 DEOPT PACKING pc=0x000001ac95bbf6c4 sp=0x00000041826f24f0
Event: 9.709 Thread 0x000001acaa7b9000 DEOPT UNPACKING pc=0x000001ac8dfba1af sp=0x00000041826f24a0 mode 2
Event: 9.709 Thread 0x000001acaa7b9000 Uncommon trap: trap_request=0xffffffde fr.pc=0x000001ac95bbf6c4 relative=0x0000000000000ce4
Event: 9.709 Thread 0x000001acaa7b9000 Uncommon trap: reason=class_check action=maybe_recompile pc=0x000001ac95bbf6c4 method=javafx.scene.Node.updateLocalToParentTransform()V @ 11 c2
Event: 9.709 Thread 0x000001acaa7b9000 DEOPT PACKING pc=0x000001ac95bbf6c4 sp=0x00000041826f24a0
Event: 9.709 Thread 0x000001acaa7b9000 DEOPT UNPACKING pc=0x000001ac8dfba1af sp=0x00000041826f2450 mode 2
Event: 9.709 Thread 0x000001acaa7b9000 Uncommon trap: trap_request=0xffffffde fr.pc=0x000001ac95bbf6c4 relative=0x0000000000000ce4
Event: 9.709 Thread 0x000001acaa7b9000 Uncommon trap: reason=class_check action=maybe_recompile pc=0x000001ac95bbf6c4 method=javafx.scene.Node.updateLocalToParentTransform()V @ 11 c2
Event: 9.709 Thread 0x000001acaa7b9000 DEOPT PACKING pc=0x000001ac95bbf6c4 sp=0x00000041826f24a0
Event: 9.709 Thread 0x000001acaa7b9000 DEOPT UNPACKING pc=0x000001ac8dfba1af sp=0x00000041826f2450 mode 2
Event: 9.709 Thread 0x000001acaa7b9000 Uncommon trap: trap_request=0xffffffde fr.pc=0x000001ac95bbf6c4 relative=0x0000000000000ce4
Event: 9.709 Thread 0x000001acaa7b9000 Uncommon trap: reason=class_check action=maybe_recompile pc=0x000001ac95bbf6c4 method=javafx.scene.Node.updateLocalToParentTransform()V @ 11 c2
Event: 9.709 Thread 0x000001acaa7b9000 DEOPT PACKING pc=0x000001ac95bbf6c4 sp=0x00000041826f24a0
Event: 9.709 Thread 0x000001acaa7b9000 DEOPT UNPACKING pc=0x000001ac8dfba1af sp=0x00000041826f2450 mode 2
Event: 9.752 Thread 0x000001acaa474800 Uncommon trap: trap_request=0xffffff4d fr.pc=0x000001ac95bc69b0 relative=0x00000000000001d0
Event: 9.752 Thread 0x000001acaa474800 Uncommon trap: reason=unstable_if action=reinterpret pc=0x000001ac95bc69b0 method=com.sun.prism.impl.BaseContext.flushMask()V @ 4 c2
Event: 9.752 Thread 0x000001acaa474800 DEOPT PACKING pc=0x000001ac95bc69b0 sp=0x00000041824fd690
Event: 9.752 Thread 0x000001acaa474800 DEOPT UNPACKING pc=0x000001ac8dfba1af sp=0x00000041824fd590 mode 2

Classes redefined (0 events):
No events

Internal exceptions (20 events):
Event: 0.822 Thread 0x000001acaa7b9000 Implicit null exception at 0x000001ac95a6d278 to 0x000001ac95a6d30a
Event: 0.826 Thread 0x000001acaa7b9000 Implicit null exception at 0x000001ac95aad6af to 0x000001ac95aad729
Event: 0.953 Thread 0x000001acaa7b9000 Exception <a 'java/lang/NoSuchMethodError'{0x00000007123f76a0}: 'java.lang.Object java.lang.invoke.Invokers$Holder.linkToTargetMethod(java.lang.Object, int, java.lang.Object)'> (0x00000007123f76a0) thrown at [./src/hotspot/share/interpreter/linkResolver.cpp, line 773]
Event: 0.969 Thread 0x000001acaa7b9000 Exception <a 'java/lang/NoSuchMethodError'{0x00000007122a9350}: 'java.lang.Object java.lang.invoke.DirectMethodHandle$Holder.invokeInterface(java.lang.Object, java.lang.Object, java.lang.Object)'> (0x00000007122a9350) thrown at [./src/hotspot/share/interpreter/linkResolver.cpp, line 773]
Event: 0.969 Thread 0x000001acaa7b9000 Exception <a 'java/lang/IncompatibleClassChangeError'{0x00000007122ac508}: Found class java.lang.Object, but interface was expected> (0x00000007122ac508) thrown at [./src/hotspot/share/interpreter/linkResolver.cpp, line 839]
Event: 1.040 Thread 0x000001acaa474800 Exception <a 'java/lang/NoSuchMethodError'{0x0000000711f97a18}: 'int java.lang.invoke.DirectMethodHandle$Holder.invokeStaticInit(java.lang.Object, java.lang.Object)'> (0x0000000711f97a18) thrown at [./src/hotspot/share/interpreter/linkResolver.cpp, line 773]
Event: 1.703 Thread 0x000001acaa7b9000 Exception <a 'java/lang/NoSuchMethodError'{0x0000000712837798}: 'long java.lang.invoke.DirectMethodHandle$Holder.invokeStaticInit(java.lang.Object, java.lang.Object, java.lang.Object)'> (0x0000000712837798) thrown at [./src/hotspot/share/interpreter/linkResolver.cpp, line 773]
Event: 1.706 Thread 0x000001acaa7b9000 Exception <a 'java/lang/NoSuchMethodError'{0x000000071284fde0}: 'java.lang.Object java.lang.invoke.DirectMethodHandle$Holder.invokeStatic(java.lang.Object, java.lang.Object, long)'> (0x000000071284fde0) thrown at [./src/hotspot/share/interpreter/linkResolver.cpp, line 773]
Event: 1.706 Thread 0x000001acaa7b9000 Exception <a 'java/lang/NoSuchMethodError'{0x0000000712855f58}: 'java.lang.Object java.lang.invoke.Invokers$Holder.linkToTargetMethod(java.lang.Object, long, java.lang.Object)'> (0x0000000712855f58) thrown at [./src/hotspot/share/interpreter/linkResolver.cpp, line 773]
Event: 1.750 Thread 0x000001acaa7b9000 Exception <a 'java/lang/NoSuchMethodError'{0x0000000712715cd8}: 'void java.lang.invoke.DirectMethodHandle$Holder.invokeSpecial(java.lang.Object, java.lang.Object, java.lang.Object, java.lang.Object)'> (0x0000000712715cd8) thrown at [./src/hotspot/share/interpreter/linkResolver.cpp, line 773]
Event: 2.521 Thread 0x000001acaa7b9000 Exception <a 'java/lang/NoSuchMethodError'{0x0000000712267538}: 'java.lang.Object java.lang.invoke.DirectMethodHandle$Holder.invokeStatic(java.lang.Object, java.lang.Object, int, int, int, int, int, java.lang.Object)'> (0x0000000712267538) thrown at [./src/hotspot/share/interpreter/linkResolver.cpp, line 773]
Event: 2.522 Thread 0x000001acaa7b9000 Exception <a 'java/lang/NoSuchMethodError'{0x0000000712278138}: 'java.lang.Object java.lang.invoke.DirectMethodHandle$Holder.invokeStatic(java.lang.Object, java.lang.Object, java.lang.Object, int, int, int, int, int)'> (0x0000000712278138) thrown at [./src/hotspot/share/interpreter/linkResolver.cpp, line 773]
Event: 2.522 Thread 0x000001acaa7b9000 Exception <a 'java/lang/NoSuchMethodError'{0x000000071227eb18}: 'java.lang.Object java.lang.invoke.Invokers$Holder.linkToTargetMethod(java.lang.Object, java.lang.Object, int, int, int, int, int, java.lang.Object)'> (0x000000071227eb18) thrown at [./src/hotspot/share/interpreter/linkResolver.cpp, line 773]
Event: 3.550 Thread 0x000001acaa7b9000 Exception <a 'java/lang/NoSuchMethodError'{0x000000071165e6b0}: 'java.lang.Object java.lang.invoke.DirectMethodHandle$Holder.invokeStatic(java.lang.Object, java.lang.Object, java.lang.Object, int, java.lang.Object)'> (0x000000071165e6b0) thrown at [./src/hotspot/share/interpreter/linkResolver.cpp, line 773]
Event: 3.550 Thread 0x000001acaa7b9000 Exception <a 'java/lang/NoSuchMethodError'{0x0000000711665360}: 'java.lang.Object java.lang.invoke.Invokers$Holder.linkToTargetMethod(java.lang.Object, java.lang.Object, int, java.lang.Object, java.lang.Object)'> (0x0000000711665360) thrown at [./src/hotspot/share/interpreter/linkResolver.cpp, line 773]
Event: 3.631 Thread 0x000001acaa7b9000 Exception <a 'java/lang/NoSuchMethodError'{0x000000071127ce70}: 'void java.lang.invoke.DirectMethodHandle$Holder.invokeSpecialIFC(java.lang.Object, java.lang.Object, java.lang.Object, java.lang.Object)'> (0x000000071127ce70) thrown at [./src/hotspot/share/interpreter/linkResolver.cpp, line 773]
Event: 3.632 Thread 0x000001acaa7b9000 Implicit null exception at 0x000001ac95b479ba to 0x000001ac95b4885c
Event: 3.692 Thread 0x000001acaa474800 Exception <a 'java/lang/NoSuchMethodError'{0x0000000711016da8}: 'java.lang.Object java.lang.invoke.DirectMethodHandle$Holder.invokeStaticInit(java.lang.Object, int)'> (0x0000000711016da8) thrown at [./src/hotspot/share/interpreter/linkResolver.cpp, line 773]
Event: 4.357 Thread 0x000001acaa7b9000 Implicit null exception at 0x000001ac95b71570 to 0x000001ac95b715dc
Event: 57.933 Thread 0x000001aca9d76800 Exception <a 'java/lang/IllegalStateException'{0x0000000712605fc0}> (0x0000000712605fc0) thrown at [./src/hotspot/share/prims/jvm.cpp, line 1310]

Events (20 events):
Event: 57.931 loading class java/util/IdentityHashMap$KeyIterator done
Event: 57.931 Thread 0x000001aca9d76800 Thread added: 0x000001aca9d76800
Event: 57.931 Thread 0x000001aca9d7c800 Thread added: 0x000001aca9d7c800
Event: 57.931 Executing VM operation: RevokeBias
Event: 57.931 Executing VM operation: RevokeBias done
Event: 57.931 Executing VM operation: RevokeBias
Event: 57.931 Executing VM operation: RevokeBias done
Event: 57.932 loading class com/sun/javafx/tk/quantum/QuantumRenderer
Event: 57.932 loading class com/sun/javafx/tk/quantum/QuantumRenderer done
Event: 57.932 Executing VM operation: RevokeBias
Event: 57.932 Executing VM operation: RevokeBias done
Event: 57.932 Executing VM operation: RevokeBias
Event: 57.932 Executing VM operation: RevokeBias done
Event: 57.932 Executing VM operation: RevokeBias
Event: 57.932 Executing VM operation: RevokeBias done
Event: 57.932 Thread 0x000001aca9d7c800 Thread exited: 0x000001aca9d7c800
Event: 57.932 loading class com/sun/javafx/tk/quantum/QuantumToolkit
Event: 57.932 loading class com/sun/javafx/tk/quantum/QuantumToolkit done
Event: 57.933 Thread 0x000001aca9d76800 Thread exited: 0x000001aca9d76800
Event: 57.933 Executing VM operation: Exit


Dynamic libraries:
0x00007ff7b17f0000 - 0x00007ff7b17fd000 	C:\Program Files\Amazon Corretto\jdk11.0.12_7\bin\java.exe
0x00007ff90cef0000 - 0x00007ff90d0e5000 	C:\Windows\SYSTEM32\ntdll.dll
0x00007ff8dbc80000 - 0x00007ff8dbc96000 	C:\Program Files\Avast Software\Avast\aswhook.dll
0x00007ff90c180000 - 0x00007ff90c23e000 	C:\Windows\System32\KERNEL32.DLL
0x00007ff90ab90000 - 0x00007ff90ae58000 	C:\Windows\System32\KERNELBASE.dll
0x00007ff90a6a0000 - 0x00007ff90a7a0000 	C:\Windows\System32\ucrtbase.dll
0x00007ff902530000 - 0x00007ff902547000 	C:\Program Files\Amazon Corretto\jdk11.0.12_7\bin\jli.dll
0x00007ff902510000 - 0x00007ff902529000 	C:\Program Files\Amazon Corretto\jdk11.0.12_7\bin\VCRUNTIME140.dll
0x00007ff90bf80000 - 0x00007ff90c121000 	C:\Windows\System32\USER32.dll
0x00007ff90a7a0000 - 0x00007ff90a7c2000 	C:\Windows\System32\win32u.dll
0x00007ff8f06b0000 - 0x00007ff8f094a000 	C:\Windows\WinSxS\amd64_microsoft.windows.common-controls_6595b64144ccf1df_6.0.19041.1110_none_60b5254171f9507e\COMCTL32.dll
0x00007ff90b8e0000 - 0x00007ff90b90b000 	C:\Windows\System32\GDI32.dll
0x00007ff90c9e0000 - 0x00007ff90ca7e000 	C:\Windows\System32\msvcrt.dll
0x00007ff90a9e0000 - 0x00007ff90aaeb000 	C:\Windows\System32\gdi32full.dll
0x00007ff90aaf0000 - 0x00007ff90ab8d000 	C:\Windows\System32\msvcp_win.dll
0x00007ff90c130000 - 0x00007ff90c160000 	C:\Windows\System32\IMM32.DLL
0x00007ff8f17b0000 - 0x00007ff8f184b000 	C:\Program Files\Amazon Corretto\jdk11.0.12_7\bin\msvcp140.dll
0x00007ff8a1600000 - 0x00007ff8a215a000 	C:\Program Files\Amazon Corretto\jdk11.0.12_7\bin\server\jvm.dll
0x00007ff90af40000 - 0x00007ff90afec000 	C:\Windows\System32\ADVAPI32.dll
0x00007ff90c380000 - 0x00007ff90c41b000 	C:\Windows\System32\sechost.dll
0x00007ff90c6b0000 - 0x00007ff90c7da000 	C:\Windows\System32\RPCRT4.dll
0x00007ff90c160000 - 0x00007ff90c168000 	C:\Windows\System32\PSAPI.DLL
0x00007ff8ec070000 - 0x00007ff8ec079000 	C:\Windows\SYSTEM32\WSOCK32.dll
0x00007ff902f80000 - 0x00007ff902f8a000 	C:\Windows\SYSTEM32\VERSION.dll
0x00007ff90c7e0000 - 0x00007ff90c84b000 	C:\Windows\System32\WS2_32.dll
0x00007ff8f1d00000 - 0x00007ff8f1d27000 	C:\Windows\SYSTEM32\WINMM.dll
0x00007ff908e90000 - 0x00007ff908ea2000 	C:\Windows\SYSTEM32\kernel.appcore.dll
0x00007ff902500000 - 0x00007ff902510000 	C:\Program Files\Amazon Corretto\jdk11.0.12_7\bin\verify.dll
0x00007ff908410000 - 0x00007ff9085f4000 	C:\Windows\SYSTEM32\DBGHELP.DLL
0x00007ff8f33b0000 - 0x00007ff8f33dc000 	C:\Windows\SYSTEM32\dbgcore.DLL
0x00007ff90a610000 - 0x00007ff90a693000 	C:\Windows\System32\bcryptPrimitives.dll
0x00007ff8f1c90000 - 0x00007ff8f1cb8000 	C:\Program Files\Amazon Corretto\jdk11.0.12_7\bin\java.dll
0x00007ff901380000 - 0x00007ff90138a000 	C:\Program Files\Amazon Corretto\jdk11.0.12_7\bin\jimage.dll
0x00007ff8f5b80000 - 0x00007ff8f5b8e000 	C:\Program Files\Amazon Corretto\jdk11.0.12_7\bin\instrument.dll
0x00007ff8f2550000 - 0x00007ff8f2567000 	C:\Program Files\Amazon Corretto\jdk11.0.12_7\bin\zip.dll
0x00007ff90b000000 - 0x00007ff90b73f000 	C:\Windows\System32\SHELL32.dll
0x00007ff9086f0000 - 0x00007ff908e80000 	C:\Windows\SYSTEM32\windows.storage.dll
0x00007ff90cb50000 - 0x00007ff90cea5000 	C:\Windows\System32\combase.dll
0x00007ff90a060000 - 0x00007ff90a08e000 	C:\Windows\SYSTEM32\Wldp.dll
0x00007ff90b830000 - 0x00007ff90b8dd000 	C:\Windows\System32\SHCORE.dll
0x00007ff90c850000 - 0x00007ff90c8a5000 	C:\Windows\System32\shlwapi.dll
0x00007ff90a550000 - 0x00007ff90a56f000 	C:\Windows\SYSTEM32\profapi.dll
0x00007ff8f1790000 - 0x00007ff8f17a9000 	C:\Program Files\Amazon Corretto\jdk11.0.12_7\bin\net.dll
0x00007ff8fd630000 - 0x00007ff8fd73c000 	C:\Windows\SYSTEM32\WINHTTP.dll
0x00007ff909dc0000 - 0x00007ff909e2a000 	C:\Windows\system32\mswsock.dll
0x00007ff8f1770000 - 0x00007ff8f1782000 	C:\Program Files\Amazon Corretto\jdk11.0.12_7\bin\nio.dll
0x00007ff8f1750000 - 0x00007ff8f176a000 	C:\Program Files\JetBrains\IntelliJ IDEA Community Edition 2021.2.2\bin\breakgen64.dll
0x000001ac83820000 - 0x000001ac83823000 	C:\Users\hello human\Documents\lib\javafx-sdk-17.0.1\bin\api-ms-win-core-console-l1-1-0.dll
0x000001ac83830000 - 0x000001ac83833000 	C:\Users\hello human\Documents\lib\javafx-sdk-17.0.1\bin\api-ms-win-core-console-l1-2-0.dll
0x000001ac83840000 - 0x000001ac83843000 	C:\Users\hello human\Documents\lib\javafx-sdk-17.0.1\bin\api-ms-win-core-datetime-l1-1-0.dll
0x000001ac83850000 - 0x000001ac83853000 	C:\Users\hello human\Documents\lib\javafx-sdk-17.0.1\bin\api-ms-win-core-debug-l1-1-0.dll
0x000001ac83860000 - 0x000001ac83863000 	C:\Users\hello human\Documents\lib\javafx-sdk-17.0.1\bin\api-ms-win-core-errorhandling-l1-1-0.dll
0x000001ac83870000 - 0x000001ac83874000 	C:\Users\hello human\Documents\lib\javafx-sdk-17.0.1\bin\api-ms-win-core-file-l1-1-0.dll
0x000001ac85760000 - 0x000001ac85763000 	C:\Users\hello human\Documents\lib\javafx-sdk-17.0.1\bin\api-ms-win-core-file-l1-2-0.dll
0x000001ac85770000 - 0x000001ac85773000 	C:\Users\hello human\Documents\lib\javafx-sdk-17.0.1\bin\api-ms-win-core-file-l2-1-0.dll
0x000001ac85780000 - 0x000001ac85783000 	C:\Users\hello human\Documents\lib\javafx-sdk-17.0.1\bin\api-ms-win-core-handle-l1-1-0.dll
0x000001ac85790000 - 0x000001ac85793000 	C:\Users\hello human\Documents\lib\javafx-sdk-17.0.1\bin\api-ms-win-core-heap-l1-1-0.dll
0x000001ac857a0000 - 0x000001ac857a3000 	C:\Users\hello human\Documents\lib\javafx-sdk-17.0.1\bin\api-ms-win-core-interlocked-l1-1-0.dll
0x000001ac857b0000 - 0x000001ac857b3000 	C:\Users\hello human\Documents\lib\javafx-sdk-17.0.1\bin\api-ms-win-core-libraryloader-l1-1-0.dll
0x000001ac857c0000 - 0x000001ac857c3000 	C:\Users\hello human\Documents\lib\javafx-sdk-17.0.1\bin\api-ms-win-core-localization-l1-2-0.dll
0x000001ac857d0000 - 0x000001ac857d3000 	C:\Users\hello human\Documents\lib\javafx-sdk-17.0.1\bin\api-ms-win-core-memory-l1-1-0.dll
0x000001ac857e0000 - 0x000001ac857e3000 	C:\Users\hello human\Documents\lib\javafx-sdk-17.0.1\bin\api-ms-win-core-namedpipe-l1-1-0.dll
0x000001ac857f0000 - 0x000001ac857f3000 	C:\Users\hello human\Documents\lib\javafx-sdk-17.0.1\bin\api-ms-win-core-processenvironment-l1-1-0.dll
0x000001ac85800000 - 0x000001ac85803000 	C:\Users\hello human\Documents\lib\javafx-sdk-17.0.1\bin\api-ms-win-core-processthreads-l1-1-0.dll
0x000001ac85810000 - 0x000001ac85813000 	C:\Users\hello human\Documents\lib\javafx-sdk-17.0.1\bin\api-ms-win-core-processthreads-l1-1-1.dll
0x000001ac85820000 - 0x000001ac85823000 	C:\Users\hello human\Documents\lib\javafx-sdk-17.0.1\bin\api-ms-win-core-profile-l1-1-0.dll
0x000001acaab90000 - 0x000001acaab93000 	C:\Users\hello human\Documents\lib\javafx-sdk-17.0.1\bin\api-ms-win-core-rtlsupport-l1-1-0.dll
0x000001acaaba0000 - 0x000001acaaba3000 	C:\Users\hello human\Documents\lib\javafx-sdk-17.0.1\bin\api-ms-win-core-string-l1-1-0.dll
0x000001acaabb0000 - 0x000001acaabb3000 	C:\Users\hello human\Documents\lib\javafx-sdk-17.0.1\bin\api-ms-win-core-synch-l1-1-0.dll
0x000001acaabc0000 - 0x000001acaabc3000 	C:\Users\hello human\Documents\lib\javafx-sdk-17.0.1\bin\api-ms-win-core-synch-l1-2-0.dll
0x000001acaabd0000 - 0x000001acaabd3000 	C:\Users\hello human\Documents\lib\javafx-sdk-17.0.1\bin\api-ms-win-core-sysinfo-l1-1-0.dll
0x000001acaabe0000 - 0x000001acaabe3000 	C:\Users\hello human\Documents\lib\javafx-sdk-17.0.1\bin\api-ms-win-core-timezone-l1-1-0.dll
0x000001acaabf0000 - 0x000001acaabf3000 	C:\Users\hello human\Documents\lib\javafx-sdk-17.0.1\bin\api-ms-win-core-util-l1-1-0.dll
0x000001acaac00000 - 0x000001acaac03000 	C:\Users\hello human\Documents\lib\javafx-sdk-17.0.1\bin\api-ms-win-crt-conio-l1-1-0.dll
0x000001acaac10000 - 0x000001acaac14000 	C:\Users\hello human\Documents\lib\javafx-sdk-17.0.1\bin\api-ms-win-crt-convert-l1-1-0.dll
0x000001acaac20000 - 0x000001acaac23000 	C:\Users\hello human\Documents\lib\javafx-sdk-17.0.1\bin\api-ms-win-crt-environment-l1-1-0.dll
0x000001acaac30000 - 0x000001acaac33000 	C:\Users\hello human\Documents\lib\javafx-sdk-17.0.1\bin\api-ms-win-crt-filesystem-l1-1-0.dll
0x000001acaac40000 - 0x000001acaac43000 	C:\Users\hello human\Documents\lib\javafx-sdk-17.0.1\bin\api-ms-win-crt-heap-l1-1-0.dll
0x000001acaac50000 - 0x000001acaac53000 	C:\Users\hello human\Documents\lib\javafx-sdk-17.0.1\bin\api-ms-win-crt-locale-l1-1-0.dll
0x000001acaac60000 - 0x000001acaac65000 	C:\Users\hello human\Documents\lib\javafx-sdk-17.0.1\bin\api-ms-win-crt-math-l1-1-0.dll
0x000001acaac70000 - 0x000001acaac75000 	C:\Users\hello human\Documents\lib\javafx-sdk-17.0.1\bin\api-ms-win-crt-multibyte-l1-1-0.dll
0x000001acaac80000 - 0x000001acaac90000 	C:\Users\hello human\Documents\lib\javafx-sdk-17.0.1\bin\api-ms-win-crt-private-l1-1-0.dll
0x000001acaac90000 - 0x000001acaac93000 	C:\Users\hello human\Documents\lib\javafx-sdk-17.0.1\bin\api-ms-win-crt-process-l1-1-0.dll
0x000001acaaca0000 - 0x000001acaaca4000 	C:\Users\hello human\Documents\lib\javafx-sdk-17.0.1\bin\api-ms-win-crt-runtime-l1-1-0.dll
0x000001acaacb0000 - 0x000001acaacb4000 	C:\Users\hello human\Documents\lib\javafx-sdk-17.0.1\bin\api-ms-win-crt-stdio-l1-1-0.dll
0x000001acaacc0000 - 0x000001acaacc4000 	C:\Users\hello human\Documents\lib\javafx-sdk-17.0.1\bin\api-ms-win-crt-string-l1-1-0.dll
0x000001acaacd0000 - 0x000001acaacd3000 	C:\Users\hello human\Documents\lib\javafx-sdk-17.0.1\bin\api-ms-win-crt-time-l1-1-0.dll
0x000001acaace0000 - 0x000001acaace3000 	C:\Users\hello human\Documents\lib\javafx-sdk-17.0.1\bin\api-ms-win-crt-utility-l1-1-0.dll
0x00007ff8b6f70000 - 0x00007ff8b706c000 	C:\Users\hello human\Documents\lib\javafx-sdk-17.0.1\bin\ucrtbase.dll
0x00007ff8f1730000 - 0x00007ff8f174a000 	C:\Users\hello human\Documents\lib\javafx-sdk-17.0.1\bin\vcruntime140.dll
0x00007ff8f1c80000 - 0x00007ff8f1c8c000 	C:\Users\hello human\Documents\lib\javafx-sdk-17.0.1\bin\vcruntime140_1.dll
0x00007ff8dcc20000 - 0x00007ff8dccad000 	C:\Users\hello human\Documents\lib\javafx-sdk-17.0.1\bin\msvcp140.dll
0x00007ff8f0b80000 - 0x00007ff8f0baa000 	C:\Users\hello human\Documents\lib\javafx-sdk-17.0.1\bin\prism_d3d.dll
0x00007ff902030000 - 0x00007ff9021fe000 	C:\Windows\system32\d3d9.dll
0x00007ff907e80000 - 0x00007ff907eaf000 	C:\Windows\SYSTEM32\dwmapi.dll
0x00007ff907c70000 - 0x00007ff907d0e000 	C:\Windows\system32\uxtheme.dll
0x00007ff8b62c0000 - 0x00007ff8b6425000 	C:\Windows\System32\DriverStore\FileRepository\iigd_dch.inf_amd64_32d00482e786db73\igdumdim64.dll
0x00007ff90c8b0000 - 0x00007ff90c9da000 	C:\Windows\System32\ole32.dll
0x00007ff8734a0000 - 0x00007ff8770c1000 	C:\Windows\System32\DriverStore\FileRepository\iigd_dch.inf_amd64_32d00482e786db73\igd9dxva64.dll
0x00007ff90ca80000 - 0x00007ff90cb4d000 	C:\Windows\System32\OLEAUT32.dll
0x00007ff90ba50000 - 0x00007ff90bec2000 	C:\Windows\System32\SETUPAPI.dll
0x00007ff90ae90000 - 0x00007ff90aede000 	C:\Windows\System32\cfgmgr32.dll
0x00007ff90ae60000 - 0x00007ff90ae87000 	C:\Windows\System32\bcrypt.dll
0x00007ff8fb7f0000 - 0x00007ff8fbbbd000 	C:\Windows\System32\DriverStore\FileRepository\iigd_dch.inf_amd64_32d00482e786db73\igdgmm64.dll
0x00007ff8e33b0000 - 0x00007ff8e33f2000 	C:\Users\hello human\Documents\lib\javafx-sdk-17.0.1\bin\glass.dll
0x00007ff90c5d0000 - 0x00007ff90c6aa000 	C:\Windows\System32\COMDLG32.dll
0x00007ff90b910000 - 0x00007ff90ba25000 	C:\Windows\System32\MSCTF.dll
0x00007ff8ec7d0000 - 0x00007ff8ec7f7000 	C:\Windows\System32\DriverStore\FileRepository\iigd_dch.inf_amd64_32d00482e786db73\igdinfo64.dll
0x00007ff8f8aa0000 - 0x00007ff8fb7e7000 	C:\Windows\System32\DriverStore\FileRepository\iigd_dch.inf_amd64_32d00482e786db73\igc64.dll
0x00007ff900110000 - 0x00007ff90014b000 	C:\Windows\SYSTEM32\dxcore.dll
0x00007ff8e3d30000 - 0x00007ff8e3d44000 	C:\Users\hello human\Documents\lib\javafx-sdk-17.0.1\bin\javafx_font.dll
0x00007ff8e37a0000 - 0x00007ff8e3a23000 	C:\Windows\SYSTEM32\dwrite.dll
0x00007ff90bed0000 - 0x00007ff90bf79000 	C:\Windows\System32\clbcatq.dll
0x00007ff903670000 - 0x00007ff903824000 	C:\Windows\SYSTEM32\WindowsCodecs.dll
0x00007ff8eeeb0000 - 0x00007ff8eeeee000 	C:\Windows\system32\dataexchange.dll
0x00007ff906d30000 - 0x00007ff906f94000 	C:\Windows\system32\d3d11.dll
0x00007ff906fa0000 - 0x00007ff907185000 	C:\Windows\system32\dcomp.dll
0x00007ff908f00000 - 0x00007ff908ff4000 	C:\Windows\system32\dxgi.dll
0x00007ff903940000 - 0x00007ff903b41000 	C:\Windows\system32\twinapi.appcore.dll
0x00007ff8e00b0000 - 0x00007ff8e00e4000 	C:\Program Files\Common Files\Microsoft Shared\Ink\rtscom.dll
0x00007ff9027b0000 - 0x00007ff9028a9000 	C:\Windows\SYSTEM32\textinputframework.dll
0x00007ff907510000 - 0x00007ff90786e000 	C:\Windows\System32\CoreUIComponents.dll
0x00007ff907870000 - 0x00007ff907962000 	C:\Windows\System32\CoreMessaging.dll
0x00007ff909300000 - 0x00007ff909333000 	C:\Windows\SYSTEM32\ntmarta.dll
0x00007ff9061b0000 - 0x00007ff906304000 	C:\Windows\SYSTEM32\wintypes.dll
0x00007ff906770000 - 0x00007ff906d30000 	C:\Windows\SYSTEM32\d2d1.dll
0x00007ff9009b0000 - 0x00007ff9010a6000 	C:\Windows\SYSTEM32\D3D10Warp.dll

dbghelp: loaded successfully - version: 4.0.5 - missing functions: none
symbol engine: initialized successfully - sym options: 0x614 - pdb path: .;C:\Program Files\Amazon Corretto\jdk11.0.12_7\bin;C:\Windows\SYSTEM32;C:\Program Files\Avast Software\Avast;C:\Windows\WinSxS\amd64_microsoft.windows.common-controls_6595b64144ccf1df_6.0.19041.1110_none_60b5254171f9507e;C:\Program Files\Amazon Corretto\jdk11.0.12_7\bin\server;C:\Program Files\JetBrains\IntelliJ IDEA Community Edition 2021.2.2\bin;C:\Users\hello human\Documents\lib\javafx-sdk-17.0.1\bin;C:\Windows\System32\DriverStore\FileRepository\iigd_dch.inf_amd64_32d00482e786db73;C:\Program Files\Common Files\Microsoft Shared\Ink

VM Arguments:
jvm_args: -javaagent:C:\Program Files\JetBrains\IntelliJ IDEA Community Edition 2021.2.2\lib\idea_rt.jar=59459:C:\Program Files\JetBrains\IntelliJ IDEA Community Edition 2021.2.2\bin -Dfile.encoding=UTF-8 
java_command: Main
java_class_path (initial): D:\GithubProject\first-semester-project\JavaFXSchedulingApplication\out\production\JavaFXSchedulingApplication;C:\Users\hello human\Documents\lib\javafx-sdk-17.0.1\lib\javafx-swt.jar;C:\Users\hello human\Documents\lib\javafx-sdk-17.0.1\lib\javafx.base.jar;C:\Users\hello human\Documents\lib\javafx-sdk-17.0.1\lib\javafx.controls.jar;C:\Users\hello human\Documents\lib\javafx-sdk-17.0.1\lib\javafx.fxml.jar;C:\Users\hello human\Documents\lib\javafx-sdk-17.0.1\lib\javafx.graphics.jar;C:\Users\hello human\Documents\lib\javafx-sdk-17.0.1\lib\javafx.media.jar;C:\Users\hello human\Documents\lib\javafx-sdk-17.0.1\lib\javafx.swing.jar;C:\Users\hello human\Documents\lib\javafx-sdk-17.0.1\lib\javafx.web.jar
Launcher Type: SUN_STANDARD

[Global flags]
     intx CICompilerCount                          = 4                                         {product} {ergonomic}
     uint ConcGCThreads                            = 2                                         {product} {ergonomic}
     uint G1ConcRefinementThreads                  = 8                                         {product} {ergonomic}
   size_t G1HeapRegionSize                         = 1048576                                   {product} {ergonomic}
    uintx GCDrainStackTargetSize                   = 64                                        {product} {ergonomic}
   size_t InitialHeapSize                          = 266338304                                 {product} {ergonomic}
   size_t MarkStackSize                            = 4194304                                   {product} {ergonomic}
   size_t MaxHeapSize                              = 4244635648                                {product} {ergonomic}
   size_t MaxNewSize                               = 2545942528                                {product} {ergonomic}
   size_t MinHeapDeltaBytes                        = 1048576                                   {product} {ergonomic}
    uintx NonNMethodCodeHeapSize                   = 5836300                                {pd product} {ergonomic}
    uintx NonProfiledCodeHeapSize                  = 122910970                              {pd product} {ergonomic}
    uintx ProfiledCodeHeapSize                     = 122910970                              {pd product} {ergonomic}
    uintx ReservedCodeCacheSize                    = 251658240                              {pd product} {ergonomic}
     bool SegmentedCodeCache                       = true                                      {product} {ergonomic}
     bool UseCompressedClassPointers               = true                                 {lp64_product} {ergonomic}
     bool UseCompressedOops                        = true                                 {lp64_product} {ergonomic}
     bool UseG1GC                                  = true                                      {product} {ergonomic}
     bool UseLargePagesIndividualAllocation        = false                                  {pd product} {ergonomic}

Logging:
Log output configuration:
 #0: stdout all=warning uptime,level,tags
 #1: stderr all=off uptime,level,tags

Environment Variables:
JAVA_HOME=C:\Program Files\Java
PATH=C:\Program Files\Amazon Corretto\jdk11.0.12_7\bin;C:\Windows\system32;C:\Windows;C:\Windows\System32\Wbem;C:\Windows\System32\WindowsPowerShell\v1.0\;C:\Windows\System32\OpenSSH\;C:\Program Files\Git\cmd;C:\Program Files\NVIDIA Corporation\NVIDIA NvDLISR;C:\Users\hello human\AppData\Local\Microsoft\WindowsApps;C:\Users\hello human\AppData\Local\Programs\Microsoft VS Code\bin;C:\Users\hello human\AppData\Local\Programs\Hyper\resources\bin;C:\Users\hello human\AppData\Local\GitHubDesktop\bin
USERNAME=hello human
OS=Windows_NT
PROCESSOR_IDENTIFIER=Intel64 Family 6 Model 165 Stepping 2, GenuineIntel



---------------  S Y S T E M  ---------------

OS: Windows 10 , 64 bit Build 19041 (10.0.19041.1348)
OS uptime: 2 days 0:19 hours

CPU:total 8 (initial active 8) (4 cores per cpu, 2 threads per core) family 6 model 165 stepping 2 microcode 0xe0, cmov, cx8, fxsr, mmx, sse, sse2, sse3, ssse3, sse4.1, sse4.2, popcnt, avx, avx2, aes, clmul, erms, 3dnowpref, lzcnt, ht, tsc, tscinvbit, bmi1, bmi2, adx, fma

Memory: 4k page, system-wide physical 16185M (7177M free)
TotalPageFile size 21561M (AvailPageFile size 8412M)
current process WorkingSet (physical memory assigned to process): 207M, peak: 229M
current process commit charge ("private bytes"): 454M, peak: 471M

vm_info: OpenJDK 64-Bit Server VM (11.0.12+7-LTS) for windows-amd64 JRE (11.0.12+7-LTS), built on Jul 13 2021 17:58:36 by "Administrator" with unknown MS VC++:1916

END.
